2020-11-09 21:21:42,603 INFO com.eureka_labs.challenge.MarvelApiApplication [main] Starting MarvelApiApplication on DESKTOP-TBJ78K6 with PID 2504 (C:\Users\juanp\Desktop\challenge-el\target\classes started by juanp in C:\Users\juanp\Desktop\challenge-el)
2020-11-09 21:21:42,605 DEBUG com.eureka_labs.challenge.MarvelApiApplication [main] Running with Spring Boot v1.5.8.RELEASE, Spring v4.3.12.RELEASE
2020-11-09 21:21:42,606 INFO com.eureka_labs.challenge.MarvelApiApplication [main] The following profiles are active: local
2020-11-09 21:21:42,650 INFO org.springframework.boot.context.embedded.AnnotationConfigEmbeddedWebApplicationContext [main] Refreshing org.springframework.boot.context.embedded.AnnotationConfigEmbeddedWebApplicationContext@4351171a: startup date [Mon Nov 09 21:21:42 ART 2020]; root of context hierarchy
2020-11-09 21:21:42,700 INFO org.hibernate.validator.internal.util.Version [background-preinit] HV000001: Hibernate Validator 5.3.5.Final
2020-11-09 21:21:43,584 INFO org.springframework.beans.factory.support.DefaultListableBeanFactory [main] Overriding bean definition for bean 'dataSource' with a different definition: replacing [Root bean: class [null]; scope=; abstract=false; lazyInit=false; autowireMode=3; dependencyCheck=0; autowireCandidate=true; primary=false; factoryBeanName=org.springframework.boot.autoconfigure.jdbc.DataSourceConfiguration$Generic; factoryMethodName=dataSource; initMethodName=null; destroyMethodName=(inferred); defined in class path resource [org/springframework/boot/autoconfigure/jdbc/DataSourceConfiguration$Generic.class]] with [Root bean: class [null]; scope=; abstract=false; lazyInit=false; autowireMode=3; dependencyCheck=0; autowireCandidate=true; primary=false; factoryBeanName=org.springframework.boot.autoconfigure.jdbc.DataSourceConfiguration$Hikari; factoryMethodName=dataSource; initMethodName=null; destroyMethodName=(inferred); defined in class path resource [org/springframework/boot/autoconfigure/jdbc/DataSourceConfiguration$Hikari.class]]
2020-11-09 21:21:44,291 INFO org.springframework.context.support.PostProcessorRegistrationDelegate$BeanPostProcessorChecker [main] Bean 'org.springframework.ws.config.annotation.DelegatingWsConfiguration' of type [org.springframework.ws.config.annotation.DelegatingWsConfiguration$$EnhancerBySpringCGLIB$$7baa3c00] is not eligible for getting processed by all BeanPostProcessors (for example: not eligible for auto-proxying)
2020-11-09 21:21:44,335 INFO org.springframework.ws.soap.addressing.server.AnnotationActionEndpointMapping [main] Supporting [WS-Addressing August 2004, WS-Addressing 1.0]
2020-11-09 21:21:44,832 INFO org.xnio [main] XNIO version 3.3.8.Final
2020-11-09 21:21:44,846 INFO org.xnio.nio [main] XNIO NIO Implementation Version 3.3.8.Final
2020-11-09 21:21:45,143 WARN io.undertow.websockets.jsr [main] UT026009: XNIO worker was not set on WebSocketDeploymentInfo, the default worker will be used
2020-11-09 21:21:45,144 WARN io.undertow.websockets.jsr [main] UT026010: Buffer pool was not set on WebSocketDeploymentInfo, the default pool will be used
2020-11-09 21:21:45,169 INFO io.undertow.servlet [main] Initializing Spring embedded WebApplicationContext
2020-11-09 21:21:45,169 INFO org.springframework.web.context.ContextLoader [main] Root WebApplicationContext: initialization completed in 2519 ms
2020-11-09 21:21:45,432 INFO org.springframework.boot.web.servlet.ServletRegistrationBean [main] Mapping servlet: 'dispatcherServlet' to [/]
2020-11-09 21:21:45,437 INFO org.springframework.boot.web.servlet.ServletRegistrationBean [main] Mapping servlet: 'messageDispatcherServlet' to [/services/*]
2020-11-09 21:21:45,439 INFO org.springframework.boot.web.servlet.FilterRegistrationBean [main] Mapping filter: 'metricsFilter' to: [/*]
2020-11-09 21:21:45,440 INFO org.springframework.boot.web.servlet.FilterRegistrationBean [main] Mapping filter: 'characterEncodingFilter' to: [/*]
2020-11-09 21:21:45,440 INFO org.springframework.boot.web.servlet.FilterRegistrationBean [main] Mapping filter: 'hiddenHttpMethodFilter' to: [/*]
2020-11-09 21:21:45,441 INFO org.springframework.boot.web.servlet.FilterRegistrationBean [main] Mapping filter: 'httpPutFormContentFilter' to: [/*]
2020-11-09 21:21:45,441 INFO org.springframework.boot.web.servlet.FilterRegistrationBean [main] Mapping filter: 'requestContextFilter' to: [/*]
2020-11-09 21:21:45,441 INFO org.springframework.boot.web.servlet.FilterRegistrationBean [main] Mapping filter: 'webRequestLoggingFilter' to: [/*]
2020-11-09 21:21:45,441 INFO org.springframework.boot.web.servlet.FilterRegistrationBean [main] Mapping filter: 'applicationContextIdFilter' to: [/*]
2020-11-09 21:21:45,944 INFO com.zaxxer.hikari.HikariDataSource [main] HikariPool-1 - Started.
2020-11-09 21:21:46,056 INFO com.zaxxer.hikari.pool.PoolBase [main] HikariPool-1 - Driver does not support get/set network timeout for connections. (Method org.postgresql.jdbc.PgConnection.getNetworkTimeout() is not yet implemented.)
2020-11-09 21:21:46,210 INFO liquibase [main] Successfully acquired change log lock
2020-11-09 21:21:47,026 INFO liquibase [main] Reading from public.databasechangelog
2020-11-09 21:21:47,044 INFO liquibase [main] Successfully released change log lock
2020-11-09 21:21:47,170 INFO org.springframework.orm.jpa.LocalContainerEntityManagerFactoryBean [main] Building JPA container EntityManagerFactory for persistence unit 'default'
2020-11-09 21:21:47,188 INFO org.hibernate.jpa.internal.util.LogHelper [main] HHH000204: Processing PersistenceUnitInfo [
	name: default
	...]
2020-11-09 21:21:47,278 INFO org.hibernate.Version [main] HHH000412: Hibernate Core {5.0.12.Final}
2020-11-09 21:21:47,279 INFO org.hibernate.cfg.Environment [main] HHH000206: hibernate.properties not found
2020-11-09 21:21:47,281 INFO org.hibernate.cfg.Environment [main] HHH000021: Bytecode provider name : javassist
2020-11-09 21:21:47,323 INFO org.hibernate.annotations.common.Version [main] HCANN000001: Hibernate Commons Annotations {5.0.1.Final}
2020-11-09 21:21:47,446 INFO org.hibernate.dialect.Dialect [main] HHH000400: Using dialect: org.hibernate.dialect.PostgreSQLDialect
2020-11-09 21:21:47,464 INFO org.hibernate.engine.jdbc.env.internal.LobCreatorBuilderImpl [main] HHH000422: Disabling contextual LOB creation as connection was null
2020-11-09 21:21:47,467 INFO org.hibernate.type.BasicTypeRegistry [main] HHH000270: Type registration [java.util.UUID] overrides previous : org.hibernate.type.UUIDBinaryType@27605b87
2020-11-09 21:21:47,883 INFO org.springframework.orm.jpa.LocalContainerEntityManagerFactoryBean [main] Initialized JPA EntityManagerFactory for persistence unit 'default'
2020-11-09 21:21:48,627 INFO io.undertow.servlet [main] jolokia: No access restrictor found, access to any MBean is allowed
2020-11-09 21:21:48,938 INFO org.springframework.web.servlet.mvc.method.annotation.RequestMappingHandlerAdapter [main] Looking for @ControllerAdvice: org.springframework.boot.context.embedded.AnnotationConfigEmbeddedWebApplicationContext@4351171a: startup date [Mon Nov 09 21:21:42 ART 2020]; root of context hierarchy
2020-11-09 21:21:49,013 INFO org.springframework.web.servlet.mvc.method.annotation.RequestMappingHandlerMapping [main] Mapped "{[/loadheroes],methods=[POST]}" onto public void com.eureka_labs.challenge.controllers.Controller.loadHeroes()
2020-11-09 21:21:49,015 INFO org.springframework.web.servlet.mvc.method.annotation.RequestMappingHandlerMapping [main] Mapped "{[/superheroes],methods=[GET],produces=[application/json]}" onto public org.springframework.http.ResponseEntity<com.eureka_labs.challenge.domain.model.SuperHeroesResponse> com.eureka_labs.challenge.controllers.Controller.getAllSuperHeroes()
2020-11-09 21:21:49,017 INFO org.springframework.web.servlet.mvc.method.annotation.RequestMappingHandlerMapping [main] Mapped "{[/error]}" onto public org.springframework.http.ResponseEntity<java.util.Map<java.lang.String, java.lang.Object>> org.springframework.boot.autoconfigure.web.BasicErrorController.error(javax.servlet.http.HttpServletRequest)
2020-11-09 21:21:49,018 INFO org.springframework.web.servlet.mvc.method.annotation.RequestMappingHandlerMapping [main] Mapped "{[/error],produces=[text/html]}" onto public org.springframework.web.servlet.ModelAndView org.springframework.boot.autoconfigure.web.BasicErrorController.errorHtml(javax.servlet.http.HttpServletRequest,javax.servlet.http.HttpServletResponse)
2020-11-09 21:21:49,046 INFO org.springframework.web.servlet.handler.SimpleUrlHandlerMapping [main] Mapped URL path [/webjars/**] onto handler of type [class org.springframework.web.servlet.resource.ResourceHttpRequestHandler]
2020-11-09 21:21:49,047 INFO org.springframework.web.servlet.handler.SimpleUrlHandlerMapping [main] Mapped URL path [/**] onto handler of type [class org.springframework.web.servlet.resource.ResourceHttpRequestHandler]
2020-11-09 21:21:49,087 INFO org.springframework.web.servlet.handler.SimpleUrlHandlerMapping [main] Mapped URL path [/**/favicon.ico] onto handler of type [class org.springframework.web.servlet.resource.ResourceHttpRequestHandler]
2020-11-09 21:21:49,505 INFO org.springframework.boot.actuate.endpoint.mvc.EndpointHandlerMapping [main] Mapped "{[/loggers/{name:.*}],methods=[GET],produces=[application/vnd.spring-boot.actuator.v1+json || application/json]}" onto public java.lang.Object org.springframework.boot.actuate.endpoint.mvc.LoggersMvcEndpoint.get(java.lang.String)
2020-11-09 21:21:49,506 INFO org.springframework.boot.actuate.endpoint.mvc.EndpointHandlerMapping [main] Mapped "{[/loggers/{name:.*}],methods=[POST],consumes=[application/vnd.spring-boot.actuator.v1+json || application/json],produces=[application/vnd.spring-boot.actuator.v1+json || application/json]}" onto public java.lang.Object org.springframework.boot.actuate.endpoint.mvc.LoggersMvcEndpoint.set(java.lang.String,java.util.Map<java.lang.String, java.lang.String>)
2020-11-09 21:21:49,507 INFO org.springframework.boot.actuate.endpoint.mvc.EndpointHandlerMapping [main] Mapped "{[/loggers || /loggers.json],methods=[GET],produces=[application/vnd.spring-boot.actuator.v1+json || application/json]}" onto public java.lang.Object org.springframework.boot.actuate.endpoint.mvc.EndpointMvcAdapter.invoke()
2020-11-09 21:21:49,507 INFO org.springframework.boot.actuate.endpoint.mvc.EndpointHandlerMapping [main] Mapped "{[/configprops || /configprops.json],methods=[GET],produces=[application/vnd.spring-boot.actuator.v1+json || application/json]}" onto public java.lang.Object org.springframework.boot.actuate.endpoint.mvc.EndpointMvcAdapter.invoke()
2020-11-09 21:21:49,508 INFO org.springframework.boot.actuate.endpoint.mvc.EndpointHandlerMapping [main] Mapped "{[/liquibase || /liquibase.json],methods=[GET],produces=[application/vnd.spring-boot.actuator.v1+json || application/json]}" onto public java.lang.Object org.springframework.boot.actuate.endpoint.mvc.EndpointMvcAdapter.invoke()
2020-11-09 21:21:49,508 INFO org.springframework.boot.actuate.endpoint.mvc.EndpointHandlerMapping [main] Mapped "{[/info || /info.json],methods=[GET],produces=[application/vnd.spring-boot.actuator.v1+json || application/json]}" onto public java.lang.Object org.springframework.boot.actuate.endpoint.mvc.EndpointMvcAdapter.invoke()
2020-11-09 21:21:49,509 INFO org.springframework.boot.actuate.endpoint.mvc.EndpointHandlerMapping [main] Mapped "{[/env/{name:.*}],methods=[GET],produces=[application/vnd.spring-boot.actuator.v1+json || application/json]}" onto public java.lang.Object org.springframework.boot.actuate.endpoint.mvc.EnvironmentMvcEndpoint.value(java.lang.String)
2020-11-09 21:21:49,510 INFO org.springframework.boot.actuate.endpoint.mvc.EndpointHandlerMapping [main] Mapped "{[/env || /env.json],methods=[GET],produces=[application/vnd.spring-boot.actuator.v1+json || application/json]}" onto public java.lang.Object org.springframework.boot.actuate.endpoint.mvc.EndpointMvcAdapter.invoke()
2020-11-09 21:21:49,511 INFO org.springframework.boot.actuate.endpoint.mvc.EndpointHandlerMapping [main] Mapped "{[/auditevents || /auditevents.json],methods=[GET],produces=[application/vnd.spring-boot.actuator.v1+json || application/json]}" onto public org.springframework.http.ResponseEntity<?> org.springframework.boot.actuate.endpoint.mvc.AuditEventsMvcEndpoint.findByPrincipalAndAfterAndType(java.lang.String,java.util.Date,java.lang.String)
2020-11-09 21:21:49,513 INFO org.springframework.boot.actuate.endpoint.mvc.EndpointHandlerMapping [main] Mapped "{[/autoconfig || /autoconfig.json],methods=[GET],produces=[application/vnd.spring-boot.actuator.v1+json || application/json]}" onto public java.lang.Object org.springframework.boot.actuate.endpoint.mvc.EndpointMvcAdapter.invoke()
2020-11-09 21:21:49,514 INFO org.springframework.boot.actuate.endpoint.mvc.EndpointHandlerMapping [main] Mapped "{[/dump || /dump.json],methods=[GET],produces=[application/vnd.spring-boot.actuator.v1+json || application/json]}" onto public java.lang.Object org.springframework.boot.actuate.endpoint.mvc.EndpointMvcAdapter.invoke()
2020-11-09 21:21:49,514 INFO org.springframework.boot.actuate.endpoint.mvc.EndpointHandlerMapping [main] Mapped "{[/health || /health.json],methods=[GET],produces=[application/vnd.spring-boot.actuator.v1+json || application/json]}" onto public java.lang.Object org.springframework.boot.actuate.endpoint.mvc.HealthMvcEndpoint.invoke(javax.servlet.http.HttpServletRequest,java.security.Principal)
2020-11-09 21:21:49,515 INFO org.springframework.boot.actuate.endpoint.mvc.EndpointHandlerMapping [main] Mapped "{[/mappings || /mappings.json],methods=[GET],produces=[application/vnd.spring-boot.actuator.v1+json || application/json]}" onto public java.lang.Object org.springframework.boot.actuate.endpoint.mvc.EndpointMvcAdapter.invoke()
2020-11-09 21:21:49,515 INFO org.springframework.boot.actuate.endpoint.mvc.EndpointHandlerMapping [main] Mapped "{[/logfile || /logfile.json],methods=[GET || HEAD]}" onto public void org.springframework.boot.actuate.endpoint.mvc.LogFileMvcEndpoint.invoke(javax.servlet.http.HttpServletRequest,javax.servlet.http.HttpServletResponse) throws javax.servlet.ServletException,java.io.IOException
2020-11-09 21:21:49,516 INFO org.springframework.boot.actuate.endpoint.mvc.EndpointHandlerMapping [main] Mapped "{[/trace || /trace.json],methods=[GET],produces=[application/vnd.spring-boot.actuator.v1+json || application/json]}" onto public java.lang.Object org.springframework.boot.actuate.endpoint.mvc.EndpointMvcAdapter.invoke()
2020-11-09 21:21:49,516 INFO org.springframework.boot.actuate.endpoint.mvc.EndpointHandlerMapping [main] Mapped "{[/jolokia/**]}" onto public org.springframework.web.servlet.ModelAndView org.springframework.boot.actuate.endpoint.mvc.JolokiaMvcEndpoint.handle(javax.servlet.http.HttpServletRequest,javax.servlet.http.HttpServletResponse) throws java.lang.Exception
2020-11-09 21:21:49,517 INFO org.springframework.boot.actuate.endpoint.mvc.EndpointHandlerMapping [main] Mapped "{[/beans || /beans.json],methods=[GET],produces=[application/vnd.spring-boot.actuator.v1+json || application/json]}" onto public java.lang.Object org.springframework.boot.actuate.endpoint.mvc.EndpointMvcAdapter.invoke()
2020-11-09 21:21:49,518 INFO org.springframework.boot.actuate.endpoint.mvc.EndpointHandlerMapping [main] Mapped "{[/heapdump || /heapdump.json],methods=[GET],produces=[application/octet-stream]}" onto public void org.springframework.boot.actuate.endpoint.mvc.HeapdumpMvcEndpoint.invoke(boolean,javax.servlet.http.HttpServletRequest,javax.servlet.http.HttpServletResponse) throws java.io.IOException,javax.servlet.ServletException
2020-11-09 21:21:49,520 INFO org.springframework.boot.actuate.endpoint.mvc.EndpointHandlerMapping [main] Mapped "{[/metrics/{name:.*}],methods=[GET],produces=[application/vnd.spring-boot.actuator.v1+json || application/json]}" onto public java.lang.Object org.springframework.boot.actuate.endpoint.mvc.MetricsMvcEndpoint.value(java.lang.String)
2020-11-09 21:21:49,520 INFO org.springframework.boot.actuate.endpoint.mvc.EndpointHandlerMapping [main] Mapped "{[/metrics || /metrics.json],methods=[GET],produces=[application/vnd.spring-boot.actuator.v1+json || application/json]}" onto public java.lang.Object org.springframework.boot.actuate.endpoint.mvc.EndpointMvcAdapter.invoke()
2020-11-09 21:21:49,785 INFO org.springframework.jmx.export.annotation.AnnotationMBeanExporter [main] Registering beans for JMX exposure on startup
2020-11-09 21:21:49,787 INFO org.springframework.jmx.export.annotation.AnnotationMBeanExporter [main] Bean with name 'dataSource' has been autodetected for JMX exposure
2020-11-09 21:21:49,805 INFO org.springframework.jmx.export.annotation.AnnotationMBeanExporter [main] Located MBean 'dataSource': registering with JMX server as MBean [com.zaxxer.hikari:name=dataSource,type=HikariDataSource]
2020-11-09 21:21:49,807 INFO org.springframework.boot.actuate.endpoint.jmx.EndpointMBeanExporter [main] Registering beans for JMX exposure on startup
2020-11-09 21:21:49,812 INFO org.springframework.context.support.DefaultLifecycleProcessor [main] Starting beans in phase 0
2020-11-09 21:21:49,814 INFO org.springframework.boot.actuate.endpoint.jmx.EndpointMBeanExporter [main] Located managed bean 'auditEventsEndpoint': registering with JMX server as MBean [org.springframework.boot:type=Endpoint,name=auditEventsEndpoint]
2020-11-09 21:21:49,833 INFO org.springframework.boot.actuate.endpoint.jmx.EndpointMBeanExporter [main] Located managed bean 'requestMappingEndpoint': registering with JMX server as MBean [org.springframework.boot:type=Endpoint,name=requestMappingEndpoint]
2020-11-09 21:21:49,844 INFO org.springframework.boot.actuate.endpoint.jmx.EndpointMBeanExporter [main] Located managed bean 'liquibaseEndpoint': registering with JMX server as MBean [org.springframework.boot:type=Endpoint,name=liquibaseEndpoint]
2020-11-09 21:21:49,851 INFO org.springframework.boot.actuate.endpoint.jmx.EndpointMBeanExporter [main] Located managed bean 'environmentEndpoint': registering with JMX server as MBean [org.springframework.boot:type=Endpoint,name=environmentEndpoint]
2020-11-09 21:21:49,855 INFO org.springframework.boot.actuate.endpoint.jmx.EndpointMBeanExporter [main] Located managed bean 'healthEndpoint': registering with JMX server as MBean [org.springframework.boot:type=Endpoint,name=healthEndpoint]
2020-11-09 21:21:49,858 INFO org.springframework.boot.actuate.endpoint.jmx.EndpointMBeanExporter [main] Located managed bean 'beansEndpoint': registering with JMX server as MBean [org.springframework.boot:type=Endpoint,name=beansEndpoint]
2020-11-09 21:21:49,862 INFO org.springframework.boot.actuate.endpoint.jmx.EndpointMBeanExporter [main] Located managed bean 'infoEndpoint': registering with JMX server as MBean [org.springframework.boot:type=Endpoint,name=infoEndpoint]
2020-11-09 21:21:49,866 INFO org.springframework.boot.actuate.endpoint.jmx.EndpointMBeanExporter [main] Located managed bean 'loggersEndpoint': registering with JMX server as MBean [org.springframework.boot:type=Endpoint,name=loggersEndpoint]
2020-11-09 21:21:49,873 INFO org.springframework.boot.actuate.endpoint.jmx.EndpointMBeanExporter [main] Located managed bean 'metricsEndpoint': registering with JMX server as MBean [org.springframework.boot:type=Endpoint,name=metricsEndpoint]
2020-11-09 21:21:49,875 INFO org.springframework.boot.actuate.endpoint.jmx.EndpointMBeanExporter [main] Located managed bean 'traceEndpoint': registering with JMX server as MBean [org.springframework.boot:type=Endpoint,name=traceEndpoint]
2020-11-09 21:21:49,878 INFO org.springframework.boot.actuate.endpoint.jmx.EndpointMBeanExporter [main] Located managed bean 'dumpEndpoint': registering with JMX server as MBean [org.springframework.boot:type=Endpoint,name=dumpEndpoint]
2020-11-09 21:21:49,880 INFO org.springframework.boot.actuate.endpoint.jmx.EndpointMBeanExporter [main] Located managed bean 'autoConfigurationReportEndpoint': registering with JMX server as MBean [org.springframework.boot:type=Endpoint,name=autoConfigurationReportEndpoint]
2020-11-09 21:21:49,882 INFO org.springframework.boot.actuate.endpoint.jmx.EndpointMBeanExporter [main] Located managed bean 'configurationPropertiesReportEndpoint': registering with JMX server as MBean [org.springframework.boot:type=Endpoint,name=configurationPropertiesReportEndpoint]
2020-11-09 21:21:49,948 INFO org.springframework.boot.context.embedded.undertow.UndertowEmbeddedServletContainer [main] Undertow started on port(s) 8099 (http)
2020-11-09 21:21:49,956 INFO com.eureka_labs.challenge.MarvelApiApplication [main] Started MarvelApiApplication in 8.301 seconds (JVM running for 9.022)
2020-11-09 21:27:20,164 INFO com.eureka_labs.challenge.MarvelApiApplication [main] Starting MarvelApiApplication on DESKTOP-TBJ78K6 with PID 8040 (C:\Users\juanp\Desktop\challenge-el\target\classes started by juanp in C:\Users\juanp\Desktop\challenge-el)
2020-11-09 21:27:20,167 DEBUG com.eureka_labs.challenge.MarvelApiApplication [main] Running with Spring Boot v1.5.8.RELEASE, Spring v4.3.12.RELEASE
2020-11-09 21:27:20,167 INFO com.eureka_labs.challenge.MarvelApiApplication [main] The following profiles are active: local
2020-11-09 21:27:20,231 INFO org.springframework.boot.context.embedded.AnnotationConfigEmbeddedWebApplicationContext [main] Refreshing org.springframework.boot.context.embedded.AnnotationConfigEmbeddedWebApplicationContext@4351171a: startup date [Mon Nov 09 21:27:20 ART 2020]; root of context hierarchy
2020-11-09 21:27:20,272 INFO org.hibernate.validator.internal.util.Version [background-preinit] HV000001: Hibernate Validator 5.3.5.Final
2020-11-09 21:27:21,171 INFO org.springframework.beans.factory.support.DefaultListableBeanFactory [main] Overriding bean definition for bean 'dataSource' with a different definition: replacing [Root bean: class [null]; scope=; abstract=false; lazyInit=false; autowireMode=3; dependencyCheck=0; autowireCandidate=true; primary=false; factoryBeanName=org.springframework.boot.autoconfigure.jdbc.DataSourceConfiguration$Generic; factoryMethodName=dataSource; initMethodName=null; destroyMethodName=(inferred); defined in class path resource [org/springframework/boot/autoconfigure/jdbc/DataSourceConfiguration$Generic.class]] with [Root bean: class [null]; scope=; abstract=false; lazyInit=false; autowireMode=3; dependencyCheck=0; autowireCandidate=true; primary=false; factoryBeanName=org.springframework.boot.autoconfigure.jdbc.DataSourceConfiguration$Hikari; factoryMethodName=dataSource; initMethodName=null; destroyMethodName=(inferred); defined in class path resource [org/springframework/boot/autoconfigure/jdbc/DataSourceConfiguration$Hikari.class]]
2020-11-09 21:27:21,807 INFO org.springframework.context.support.PostProcessorRegistrationDelegate$BeanPostProcessorChecker [main] Bean 'org.springframework.ws.config.annotation.DelegatingWsConfiguration' of type [org.springframework.ws.config.annotation.DelegatingWsConfiguration$$EnhancerBySpringCGLIB$$7baa3c00] is not eligible for getting processed by all BeanPostProcessors (for example: not eligible for auto-proxying)
2020-11-09 21:27:21,845 INFO org.springframework.ws.soap.addressing.server.AnnotationActionEndpointMapping [main] Supporting [WS-Addressing August 2004, WS-Addressing 1.0]
2020-11-09 21:27:22,319 INFO org.xnio [main] XNIO version 3.3.8.Final
2020-11-09 21:27:22,328 INFO org.xnio.nio [main] XNIO NIO Implementation Version 3.3.8.Final
2020-11-09 21:27:22,536 WARN io.undertow.websockets.jsr [main] UT026009: XNIO worker was not set on WebSocketDeploymentInfo, the default worker will be used
2020-11-09 21:27:22,537 WARN io.undertow.websockets.jsr [main] UT026010: Buffer pool was not set on WebSocketDeploymentInfo, the default pool will be used
2020-11-09 21:27:22,555 INFO io.undertow.servlet [main] Initializing Spring embedded WebApplicationContext
2020-11-09 21:27:22,555 INFO org.springframework.web.context.ContextLoader [main] Root WebApplicationContext: initialization completed in 2324 ms
2020-11-09 21:27:22,774 INFO org.springframework.boot.web.servlet.ServletRegistrationBean [main] Mapping servlet: 'dispatcherServlet' to [/]
2020-11-09 21:27:22,778 INFO org.springframework.boot.web.servlet.ServletRegistrationBean [main] Mapping servlet: 'messageDispatcherServlet' to [/services/*]
2020-11-09 21:27:22,780 INFO org.springframework.boot.web.servlet.FilterRegistrationBean [main] Mapping filter: 'metricsFilter' to: [/*]
2020-11-09 21:27:22,782 INFO org.springframework.boot.web.servlet.FilterRegistrationBean [main] Mapping filter: 'characterEncodingFilter' to: [/*]
2020-11-09 21:27:22,782 INFO org.springframework.boot.web.servlet.FilterRegistrationBean [main] Mapping filter: 'hiddenHttpMethodFilter' to: [/*]
2020-11-09 21:27:22,782 INFO org.springframework.boot.web.servlet.FilterRegistrationBean [main] Mapping filter: 'httpPutFormContentFilter' to: [/*]
2020-11-09 21:27:22,783 INFO org.springframework.boot.web.servlet.FilterRegistrationBean [main] Mapping filter: 'requestContextFilter' to: [/*]
2020-11-09 21:27:22,783 INFO org.springframework.boot.web.servlet.FilterRegistrationBean [main] Mapping filter: 'webRequestLoggingFilter' to: [/*]
2020-11-09 21:27:22,783 INFO org.springframework.boot.web.servlet.FilterRegistrationBean [main] Mapping filter: 'applicationContextIdFilter' to: [/*]
2020-11-09 21:27:23,223 INFO com.zaxxer.hikari.HikariDataSource [main] HikariPool-1 - Started.
2020-11-09 21:27:23,298 INFO com.zaxxer.hikari.pool.PoolBase [main] HikariPool-1 - Driver does not support get/set network timeout for connections. (Method org.postgresql.jdbc.PgConnection.getNetworkTimeout() is not yet implemented.)
2020-11-09 21:27:23,449 INFO liquibase [main] Successfully acquired change log lock
2020-11-09 21:27:24,199 INFO liquibase [main] Reading from public.databasechangelog
2020-11-09 21:27:24,218 INFO liquibase [main] Successfully released change log lock
2020-11-09 21:27:24,371 INFO org.springframework.orm.jpa.LocalContainerEntityManagerFactoryBean [main] Building JPA container EntityManagerFactory for persistence unit 'default'
2020-11-09 21:27:24,388 INFO org.hibernate.jpa.internal.util.LogHelper [main] HHH000204: Processing PersistenceUnitInfo [
	name: default
	...]
2020-11-09 21:27:24,491 INFO org.hibernate.Version [main] HHH000412: Hibernate Core {5.0.12.Final}
2020-11-09 21:27:24,492 INFO org.hibernate.cfg.Environment [main] HHH000206: hibernate.properties not found
2020-11-09 21:27:24,493 INFO org.hibernate.cfg.Environment [main] HHH000021: Bytecode provider name : javassist
2020-11-09 21:27:24,537 INFO org.hibernate.annotations.common.Version [main] HCANN000001: Hibernate Commons Annotations {5.0.1.Final}
2020-11-09 21:27:24,642 INFO org.hibernate.dialect.Dialect [main] HHH000400: Using dialect: org.hibernate.dialect.PostgreSQLDialect
2020-11-09 21:27:24,659 INFO org.hibernate.engine.jdbc.env.internal.LobCreatorBuilderImpl [main] HHH000422: Disabling contextual LOB creation as connection was null
2020-11-09 21:27:24,661 INFO org.hibernate.type.BasicTypeRegistry [main] HHH000270: Type registration [java.util.UUID] overrides previous : org.hibernate.type.UUIDBinaryType@27605b87
2020-11-09 21:27:24,928 INFO org.springframework.orm.jpa.LocalContainerEntityManagerFactoryBean [main] Initialized JPA EntityManagerFactory for persistence unit 'default'
2020-11-09 21:27:25,542 INFO io.undertow.servlet [main] jolokia: No access restrictor found, access to any MBean is allowed
2020-11-09 21:27:25,824 INFO org.springframework.web.servlet.mvc.method.annotation.RequestMappingHandlerAdapter [main] Looking for @ControllerAdvice: org.springframework.boot.context.embedded.AnnotationConfigEmbeddedWebApplicationContext@4351171a: startup date [Mon Nov 09 21:27:20 ART 2020]; root of context hierarchy
2020-11-09 21:27:25,910 INFO org.springframework.web.servlet.mvc.method.annotation.RequestMappingHandlerMapping [main] Mapped "{[/loadheroes],methods=[POST]}" onto public void com.eureka_labs.challenge.controllers.Controller.loadHeroes()
2020-11-09 21:27:25,912 INFO org.springframework.web.servlet.mvc.method.annotation.RequestMappingHandlerMapping [main] Mapped "{[/superheroes],methods=[GET],produces=[application/json]}" onto public org.springframework.http.ResponseEntity<com.eureka_labs.challenge.domain.model.SuperHeroesResponse> com.eureka_labs.challenge.controllers.Controller.getAllSuperHeroes()
2020-11-09 21:27:25,915 INFO org.springframework.web.servlet.mvc.method.annotation.RequestMappingHandlerMapping [main] Mapped "{[/error]}" onto public org.springframework.http.ResponseEntity<java.util.Map<java.lang.String, java.lang.Object>> org.springframework.boot.autoconfigure.web.BasicErrorController.error(javax.servlet.http.HttpServletRequest)
2020-11-09 21:27:25,916 INFO org.springframework.web.servlet.mvc.method.annotation.RequestMappingHandlerMapping [main] Mapped "{[/error],produces=[text/html]}" onto public org.springframework.web.servlet.ModelAndView org.springframework.boot.autoconfigure.web.BasicErrorController.errorHtml(javax.servlet.http.HttpServletRequest,javax.servlet.http.HttpServletResponse)
2020-11-09 21:27:25,954 INFO org.springframework.web.servlet.handler.SimpleUrlHandlerMapping [main] Mapped URL path [/webjars/**] onto handler of type [class org.springframework.web.servlet.resource.ResourceHttpRequestHandler]
2020-11-09 21:27:25,954 INFO org.springframework.web.servlet.handler.SimpleUrlHandlerMapping [main] Mapped URL path [/**] onto handler of type [class org.springframework.web.servlet.resource.ResourceHttpRequestHandler]
2020-11-09 21:27:25,998 INFO org.springframework.web.servlet.handler.SimpleUrlHandlerMapping [main] Mapped URL path [/**/favicon.ico] onto handler of type [class org.springframework.web.servlet.resource.ResourceHttpRequestHandler]
2020-11-09 21:27:26,593 INFO org.springframework.boot.actuate.endpoint.mvc.EndpointHandlerMapping [main] Mapped "{[/loggers/{name:.*}],methods=[GET],produces=[application/vnd.spring-boot.actuator.v1+json || application/json]}" onto public java.lang.Object org.springframework.boot.actuate.endpoint.mvc.LoggersMvcEndpoint.get(java.lang.String)
2020-11-09 21:27:26,594 INFO org.springframework.boot.actuate.endpoint.mvc.EndpointHandlerMapping [main] Mapped "{[/loggers/{name:.*}],methods=[POST],consumes=[application/vnd.spring-boot.actuator.v1+json || application/json],produces=[application/vnd.spring-boot.actuator.v1+json || application/json]}" onto public java.lang.Object org.springframework.boot.actuate.endpoint.mvc.LoggersMvcEndpoint.set(java.lang.String,java.util.Map<java.lang.String, java.lang.String>)
2020-11-09 21:27:26,594 INFO org.springframework.boot.actuate.endpoint.mvc.EndpointHandlerMapping [main] Mapped "{[/loggers || /loggers.json],methods=[GET],produces=[application/vnd.spring-boot.actuator.v1+json || application/json]}" onto public java.lang.Object org.springframework.boot.actuate.endpoint.mvc.EndpointMvcAdapter.invoke()
2020-11-09 21:27:26,595 INFO org.springframework.boot.actuate.endpoint.mvc.EndpointHandlerMapping [main] Mapped "{[/configprops || /configprops.json],methods=[GET],produces=[application/vnd.spring-boot.actuator.v1+json || application/json]}" onto public java.lang.Object org.springframework.boot.actuate.endpoint.mvc.EndpointMvcAdapter.invoke()
2020-11-09 21:27:26,597 INFO org.springframework.boot.actuate.endpoint.mvc.EndpointHandlerMapping [main] Mapped "{[/liquibase || /liquibase.json],methods=[GET],produces=[application/vnd.spring-boot.actuator.v1+json || application/json]}" onto public java.lang.Object org.springframework.boot.actuate.endpoint.mvc.EndpointMvcAdapter.invoke()
2020-11-09 21:27:26,598 INFO org.springframework.boot.actuate.endpoint.mvc.EndpointHandlerMapping [main] Mapped "{[/info || /info.json],methods=[GET],produces=[application/vnd.spring-boot.actuator.v1+json || application/json]}" onto public java.lang.Object org.springframework.boot.actuate.endpoint.mvc.EndpointMvcAdapter.invoke()
2020-11-09 21:27:26,602 INFO org.springframework.boot.actuate.endpoint.mvc.EndpointHandlerMapping [main] Mapped "{[/env/{name:.*}],methods=[GET],produces=[application/vnd.spring-boot.actuator.v1+json || application/json]}" onto public java.lang.Object org.springframework.boot.actuate.endpoint.mvc.EnvironmentMvcEndpoint.value(java.lang.String)
2020-11-09 21:27:26,603 INFO org.springframework.boot.actuate.endpoint.mvc.EndpointHandlerMapping [main] Mapped "{[/env || /env.json],methods=[GET],produces=[application/vnd.spring-boot.actuator.v1+json || application/json]}" onto public java.lang.Object org.springframework.boot.actuate.endpoint.mvc.EndpointMvcAdapter.invoke()
2020-11-09 21:27:26,605 INFO org.springframework.boot.actuate.endpoint.mvc.EndpointHandlerMapping [main] Mapped "{[/auditevents || /auditevents.json],methods=[GET],produces=[application/vnd.spring-boot.actuator.v1+json || application/json]}" onto public org.springframework.http.ResponseEntity<?> org.springframework.boot.actuate.endpoint.mvc.AuditEventsMvcEndpoint.findByPrincipalAndAfterAndType(java.lang.String,java.util.Date,java.lang.String)
2020-11-09 21:27:26,607 INFO org.springframework.boot.actuate.endpoint.mvc.EndpointHandlerMapping [main] Mapped "{[/autoconfig || /autoconfig.json],methods=[GET],produces=[application/vnd.spring-boot.actuator.v1+json || application/json]}" onto public java.lang.Object org.springframework.boot.actuate.endpoint.mvc.EndpointMvcAdapter.invoke()
2020-11-09 21:27:26,609 INFO org.springframework.boot.actuate.endpoint.mvc.EndpointHandlerMapping [main] Mapped "{[/dump || /dump.json],methods=[GET],produces=[application/vnd.spring-boot.actuator.v1+json || application/json]}" onto public java.lang.Object org.springframework.boot.actuate.endpoint.mvc.EndpointMvcAdapter.invoke()
2020-11-09 21:27:26,611 INFO org.springframework.boot.actuate.endpoint.mvc.EndpointHandlerMapping [main] Mapped "{[/health || /health.json],methods=[GET],produces=[application/vnd.spring-boot.actuator.v1+json || application/json]}" onto public java.lang.Object org.springframework.boot.actuate.endpoint.mvc.HealthMvcEndpoint.invoke(javax.servlet.http.HttpServletRequest,java.security.Principal)
2020-11-09 21:27:26,615 INFO org.springframework.boot.actuate.endpoint.mvc.EndpointHandlerMapping [main] Mapped "{[/mappings || /mappings.json],methods=[GET],produces=[application/vnd.spring-boot.actuator.v1+json || application/json]}" onto public java.lang.Object org.springframework.boot.actuate.endpoint.mvc.EndpointMvcAdapter.invoke()
2020-11-09 21:27:26,616 INFO org.springframework.boot.actuate.endpoint.mvc.EndpointHandlerMapping [main] Mapped "{[/logfile || /logfile.json],methods=[GET || HEAD]}" onto public void org.springframework.boot.actuate.endpoint.mvc.LogFileMvcEndpoint.invoke(javax.servlet.http.HttpServletRequest,javax.servlet.http.HttpServletResponse) throws javax.servlet.ServletException,java.io.IOException
2020-11-09 21:27:26,617 INFO org.springframework.boot.actuate.endpoint.mvc.EndpointHandlerMapping [main] Mapped "{[/trace || /trace.json],methods=[GET],produces=[application/vnd.spring-boot.actuator.v1+json || application/json]}" onto public java.lang.Object org.springframework.boot.actuate.endpoint.mvc.EndpointMvcAdapter.invoke()
2020-11-09 21:27:26,619 INFO org.springframework.boot.actuate.endpoint.mvc.EndpointHandlerMapping [main] Mapped "{[/jolokia/**]}" onto public org.springframework.web.servlet.ModelAndView org.springframework.boot.actuate.endpoint.mvc.JolokiaMvcEndpoint.handle(javax.servlet.http.HttpServletRequest,javax.servlet.http.HttpServletResponse) throws java.lang.Exception
2020-11-09 21:27:26,620 INFO org.springframework.boot.actuate.endpoint.mvc.EndpointHandlerMapping [main] Mapped "{[/beans || /beans.json],methods=[GET],produces=[application/vnd.spring-boot.actuator.v1+json || application/json]}" onto public java.lang.Object org.springframework.boot.actuate.endpoint.mvc.EndpointMvcAdapter.invoke()
2020-11-09 21:27:26,621 INFO org.springframework.boot.actuate.endpoint.mvc.EndpointHandlerMapping [main] Mapped "{[/heapdump || /heapdump.json],methods=[GET],produces=[application/octet-stream]}" onto public void org.springframework.boot.actuate.endpoint.mvc.HeapdumpMvcEndpoint.invoke(boolean,javax.servlet.http.HttpServletRequest,javax.servlet.http.HttpServletResponse) throws java.io.IOException,javax.servlet.ServletException
2020-11-09 21:27:26,622 INFO org.springframework.boot.actuate.endpoint.mvc.EndpointHandlerMapping [main] Mapped "{[/metrics/{name:.*}],methods=[GET],produces=[application/vnd.spring-boot.actuator.v1+json || application/json]}" onto public java.lang.Object org.springframework.boot.actuate.endpoint.mvc.MetricsMvcEndpoint.value(java.lang.String)
2020-11-09 21:27:26,623 INFO org.springframework.boot.actuate.endpoint.mvc.EndpointHandlerMapping [main] Mapped "{[/metrics || /metrics.json],methods=[GET],produces=[application/vnd.spring-boot.actuator.v1+json || application/json]}" onto public java.lang.Object org.springframework.boot.actuate.endpoint.mvc.EndpointMvcAdapter.invoke()
2020-11-09 21:27:26,927 INFO org.springframework.jmx.export.annotation.AnnotationMBeanExporter [main] Registering beans for JMX exposure on startup
2020-11-09 21:27:26,928 INFO org.springframework.jmx.export.annotation.AnnotationMBeanExporter [main] Bean with name 'dataSource' has been autodetected for JMX exposure
2020-11-09 21:27:26,933 INFO org.springframework.jmx.export.annotation.AnnotationMBeanExporter [main] Located MBean 'dataSource': registering with JMX server as MBean [com.zaxxer.hikari:name=dataSource,type=HikariDataSource]
2020-11-09 21:27:26,935 INFO org.springframework.boot.actuate.endpoint.jmx.EndpointMBeanExporter [main] Registering beans for JMX exposure on startup
2020-11-09 21:27:26,940 INFO org.springframework.context.support.DefaultLifecycleProcessor [main] Starting beans in phase 0
2020-11-09 21:27:26,942 INFO org.springframework.boot.actuate.endpoint.jmx.EndpointMBeanExporter [main] Located managed bean 'auditEventsEndpoint': registering with JMX server as MBean [org.springframework.boot:type=Endpoint,name=auditEventsEndpoint]
2020-11-09 21:27:26,958 INFO org.springframework.boot.actuate.endpoint.jmx.EndpointMBeanExporter [main] Located managed bean 'requestMappingEndpoint': registering with JMX server as MBean [org.springframework.boot:type=Endpoint,name=requestMappingEndpoint]
2020-11-09 21:27:26,970 INFO org.springframework.boot.actuate.endpoint.jmx.EndpointMBeanExporter [main] Located managed bean 'liquibaseEndpoint': registering with JMX server as MBean [org.springframework.boot:type=Endpoint,name=liquibaseEndpoint]
2020-11-09 21:27:26,975 INFO org.springframework.boot.actuate.endpoint.jmx.EndpointMBeanExporter [main] Located managed bean 'environmentEndpoint': registering with JMX server as MBean [org.springframework.boot:type=Endpoint,name=environmentEndpoint]
2020-11-09 21:27:26,978 INFO org.springframework.boot.actuate.endpoint.jmx.EndpointMBeanExporter [main] Located managed bean 'healthEndpoint': registering with JMX server as MBean [org.springframework.boot:type=Endpoint,name=healthEndpoint]
2020-11-09 21:27:26,981 INFO org.springframework.boot.actuate.endpoint.jmx.EndpointMBeanExporter [main] Located managed bean 'beansEndpoint': registering with JMX server as MBean [org.springframework.boot:type=Endpoint,name=beansEndpoint]
2020-11-09 21:27:26,984 INFO org.springframework.boot.actuate.endpoint.jmx.EndpointMBeanExporter [main] Located managed bean 'infoEndpoint': registering with JMX server as MBean [org.springframework.boot:type=Endpoint,name=infoEndpoint]
2020-11-09 21:27:26,987 INFO org.springframework.boot.actuate.endpoint.jmx.EndpointMBeanExporter [main] Located managed bean 'loggersEndpoint': registering with JMX server as MBean [org.springframework.boot:type=Endpoint,name=loggersEndpoint]
2020-11-09 21:27:26,994 INFO org.springframework.boot.actuate.endpoint.jmx.EndpointMBeanExporter [main] Located managed bean 'metricsEndpoint': registering with JMX server as MBean [org.springframework.boot:type=Endpoint,name=metricsEndpoint]
2020-11-09 21:27:26,998 INFO org.springframework.boot.actuate.endpoint.jmx.EndpointMBeanExporter [main] Located managed bean 'traceEndpoint': registering with JMX server as MBean [org.springframework.boot:type=Endpoint,name=traceEndpoint]
2020-11-09 21:27:27,001 INFO org.springframework.boot.actuate.endpoint.jmx.EndpointMBeanExporter [main] Located managed bean 'dumpEndpoint': registering with JMX server as MBean [org.springframework.boot:type=Endpoint,name=dumpEndpoint]
2020-11-09 21:27:27,004 INFO org.springframework.boot.actuate.endpoint.jmx.EndpointMBeanExporter [main] Located managed bean 'autoConfigurationReportEndpoint': registering with JMX server as MBean [org.springframework.boot:type=Endpoint,name=autoConfigurationReportEndpoint]
2020-11-09 21:27:27,007 INFO org.springframework.boot.actuate.endpoint.jmx.EndpointMBeanExporter [main] Located managed bean 'configurationPropertiesReportEndpoint': registering with JMX server as MBean [org.springframework.boot:type=Endpoint,name=configurationPropertiesReportEndpoint]
2020-11-09 21:27:27,070 INFO org.springframework.boot.context.embedded.undertow.UndertowEmbeddedServletContainer [main] Undertow started on port(s) 8099 (http)
2020-11-09 21:27:27,077 INFO com.eureka_labs.challenge.MarvelApiApplication [main] Started MarvelApiApplication in 7.824 seconds (JVM running for 8.448)
2020-11-09 21:27:41,904 INFO io.undertow.servlet [XNIO-2 task-1] Initializing Spring FrameworkServlet 'dispatcherServlet'
2020-11-09 21:27:41,905 INFO org.springframework.web.servlet.DispatcherServlet [XNIO-2 task-1] FrameworkServlet 'dispatcherServlet': initialization started
2020-11-09 21:27:41,925 INFO org.springframework.web.servlet.DispatcherServlet [XNIO-2 task-1] FrameworkServlet 'dispatcherServlet': initialization completed in 20 ms
2020-11-09 21:27:41,947 INFO com.eureka_labs.challenge.controllers.Controller [XNIO-2 task-1] Request to start loading all marvel superheroes to database...
2020-11-09 21:34:19,448 INFO com.eureka_labs.challenge.MarvelApiApplication [main] Starting MarvelApiApplication on DESKTOP-TBJ78K6 with PID 19096 (C:\Users\juanp\Desktop\challenge-el\target\classes started by juanp in C:\Users\juanp\Desktop\challenge-el)
2020-11-09 21:34:19,451 DEBUG com.eureka_labs.challenge.MarvelApiApplication [main] Running with Spring Boot v1.5.8.RELEASE, Spring v4.3.12.RELEASE
2020-11-09 21:34:19,451 INFO com.eureka_labs.challenge.MarvelApiApplication [main] The following profiles are active: local
2020-11-09 21:34:19,505 INFO org.springframework.boot.context.embedded.AnnotationConfigEmbeddedWebApplicationContext [main] Refreshing org.springframework.boot.context.embedded.AnnotationConfigEmbeddedWebApplicationContext@4351171a: startup date [Mon Nov 09 21:34:19 ART 2020]; root of context hierarchy
2020-11-09 21:34:19,530 INFO org.hibernate.validator.internal.util.Version [background-preinit] HV000001: Hibernate Validator 5.3.5.Final
2020-11-09 21:34:20,363 INFO org.springframework.beans.factory.support.DefaultListableBeanFactory [main] Overriding bean definition for bean 'dataSource' with a different definition: replacing [Root bean: class [null]; scope=; abstract=false; lazyInit=false; autowireMode=3; dependencyCheck=0; autowireCandidate=true; primary=false; factoryBeanName=org.springframework.boot.autoconfigure.jdbc.DataSourceConfiguration$Generic; factoryMethodName=dataSource; initMethodName=null; destroyMethodName=(inferred); defined in class path resource [org/springframework/boot/autoconfigure/jdbc/DataSourceConfiguration$Generic.class]] with [Root bean: class [null]; scope=; abstract=false; lazyInit=false; autowireMode=3; dependencyCheck=0; autowireCandidate=true; primary=false; factoryBeanName=org.springframework.boot.autoconfigure.jdbc.DataSourceConfiguration$Hikari; factoryMethodName=dataSource; initMethodName=null; destroyMethodName=(inferred); defined in class path resource [org/springframework/boot/autoconfigure/jdbc/DataSourceConfiguration$Hikari.class]]
2020-11-09 21:34:20,976 INFO org.springframework.context.support.PostProcessorRegistrationDelegate$BeanPostProcessorChecker [main] Bean 'org.springframework.ws.config.annotation.DelegatingWsConfiguration' of type [org.springframework.ws.config.annotation.DelegatingWsConfiguration$$EnhancerBySpringCGLIB$$728fed44] is not eligible for getting processed by all BeanPostProcessors (for example: not eligible for auto-proxying)
2020-11-09 21:34:21,015 INFO org.springframework.ws.soap.addressing.server.AnnotationActionEndpointMapping [main] Supporting [WS-Addressing August 2004, WS-Addressing 1.0]
2020-11-09 21:34:21,500 INFO org.xnio [main] XNIO version 3.3.8.Final
2020-11-09 21:34:21,509 INFO org.xnio.nio [main] XNIO NIO Implementation Version 3.3.8.Final
2020-11-09 21:34:21,735 WARN io.undertow.websockets.jsr [main] UT026009: XNIO worker was not set on WebSocketDeploymentInfo, the default worker will be used
2020-11-09 21:34:21,736 WARN io.undertow.websockets.jsr [main] UT026010: Buffer pool was not set on WebSocketDeploymentInfo, the default pool will be used
2020-11-09 21:34:21,755 INFO io.undertow.servlet [main] Initializing Spring embedded WebApplicationContext
2020-11-09 21:34:21,755 INFO org.springframework.web.context.ContextLoader [main] Root WebApplicationContext: initialization completed in 2250 ms
2020-11-09 21:34:21,965 INFO org.springframework.boot.web.servlet.ServletRegistrationBean [main] Mapping servlet: 'dispatcherServlet' to [/]
2020-11-09 21:34:21,969 INFO org.springframework.boot.web.servlet.ServletRegistrationBean [main] Mapping servlet: 'messageDispatcherServlet' to [/services/*]
2020-11-09 21:34:21,971 INFO org.springframework.boot.web.servlet.FilterRegistrationBean [main] Mapping filter: 'metricsFilter' to: [/*]
2020-11-09 21:34:21,972 INFO org.springframework.boot.web.servlet.FilterRegistrationBean [main] Mapping filter: 'characterEncodingFilter' to: [/*]
2020-11-09 21:34:21,972 INFO org.springframework.boot.web.servlet.FilterRegistrationBean [main] Mapping filter: 'hiddenHttpMethodFilter' to: [/*]
2020-11-09 21:34:21,972 INFO org.springframework.boot.web.servlet.FilterRegistrationBean [main] Mapping filter: 'httpPutFormContentFilter' to: [/*]
2020-11-09 21:34:21,973 INFO org.springframework.boot.web.servlet.FilterRegistrationBean [main] Mapping filter: 'requestContextFilter' to: [/*]
2020-11-09 21:34:21,973 INFO org.springframework.boot.web.servlet.FilterRegistrationBean [main] Mapping filter: 'webRequestLoggingFilter' to: [/*]
2020-11-09 21:34:21,973 INFO org.springframework.boot.web.servlet.FilterRegistrationBean [main] Mapping filter: 'applicationContextIdFilter' to: [/*]
2020-11-09 21:34:22,451 INFO com.zaxxer.hikari.HikariDataSource [main] HikariPool-1 - Started.
2020-11-09 21:34:22,561 INFO com.zaxxer.hikari.pool.PoolBase [main] HikariPool-1 - Driver does not support get/set network timeout for connections. (Method org.postgresql.jdbc.PgConnection.getNetworkTimeout() is not yet implemented.)
2020-11-09 21:34:22,784 INFO liquibase [main] Successfully acquired change log lock
2020-11-09 21:34:23,474 INFO liquibase [main] Reading from public.databasechangelog
2020-11-09 21:34:23,488 INFO liquibase [main] Successfully released change log lock
2020-11-09 21:34:23,622 INFO org.springframework.orm.jpa.LocalContainerEntityManagerFactoryBean [main] Building JPA container EntityManagerFactory for persistence unit 'default'
2020-11-09 21:34:23,636 INFO org.hibernate.jpa.internal.util.LogHelper [main] HHH000204: Processing PersistenceUnitInfo [
	name: default
	...]
2020-11-09 21:34:23,712 INFO org.hibernate.Version [main] HHH000412: Hibernate Core {5.0.12.Final}
2020-11-09 21:34:23,713 INFO org.hibernate.cfg.Environment [main] HHH000206: hibernate.properties not found
2020-11-09 21:34:23,715 INFO org.hibernate.cfg.Environment [main] HHH000021: Bytecode provider name : javassist
2020-11-09 21:34:23,758 INFO org.hibernate.annotations.common.Version [main] HCANN000001: Hibernate Commons Annotations {5.0.1.Final}
2020-11-09 21:34:23,875 INFO org.hibernate.dialect.Dialect [main] HHH000400: Using dialect: org.hibernate.dialect.PostgreSQLDialect
2020-11-09 21:34:23,896 INFO org.hibernate.engine.jdbc.env.internal.LobCreatorBuilderImpl [main] HHH000422: Disabling contextual LOB creation as connection was null
2020-11-09 21:34:23,898 INFO org.hibernate.type.BasicTypeRegistry [main] HHH000270: Type registration [java.util.UUID] overrides previous : org.hibernate.type.UUIDBinaryType@7fff419d
2020-11-09 21:34:24,284 INFO org.springframework.orm.jpa.LocalContainerEntityManagerFactoryBean [main] Initialized JPA EntityManagerFactory for persistence unit 'default'
2020-11-09 21:34:24,914 INFO io.undertow.servlet [main] jolokia: No access restrictor found, access to any MBean is allowed
2020-11-09 21:34:25,188 INFO org.springframework.web.servlet.mvc.method.annotation.RequestMappingHandlerAdapter [main] Looking for @ControllerAdvice: org.springframework.boot.context.embedded.AnnotationConfigEmbeddedWebApplicationContext@4351171a: startup date [Mon Nov 09 21:34:19 ART 2020]; root of context hierarchy
2020-11-09 21:34:25,267 INFO org.springframework.web.servlet.mvc.method.annotation.RequestMappingHandlerMapping [main] Mapped "{[/superheroes],methods=[GET],produces=[application/json]}" onto public org.springframework.http.ResponseEntity<com.eureka_labs.challenge.domain.model.SuperHeroesResponse> com.eureka_labs.challenge.controllers.Controller.getAllSuperHeroes()
2020-11-09 21:34:25,268 INFO org.springframework.web.servlet.mvc.method.annotation.RequestMappingHandlerMapping [main] Mapped "{[/loadheroes],methods=[POST]}" onto public void com.eureka_labs.challenge.controllers.Controller.loadHeroes()
2020-11-09 21:34:25,272 INFO org.springframework.web.servlet.mvc.method.annotation.RequestMappingHandlerMapping [main] Mapped "{[/error]}" onto public org.springframework.http.ResponseEntity<java.util.Map<java.lang.String, java.lang.Object>> org.springframework.boot.autoconfigure.web.BasicErrorController.error(javax.servlet.http.HttpServletRequest)
2020-11-09 21:34:25,272 INFO org.springframework.web.servlet.mvc.method.annotation.RequestMappingHandlerMapping [main] Mapped "{[/error],produces=[text/html]}" onto public org.springframework.web.servlet.ModelAndView org.springframework.boot.autoconfigure.web.BasicErrorController.errorHtml(javax.servlet.http.HttpServletRequest,javax.servlet.http.HttpServletResponse)
2020-11-09 21:34:25,308 INFO org.springframework.web.servlet.handler.SimpleUrlHandlerMapping [main] Mapped URL path [/webjars/**] onto handler of type [class org.springframework.web.servlet.resource.ResourceHttpRequestHandler]
2020-11-09 21:34:25,308 INFO org.springframework.web.servlet.handler.SimpleUrlHandlerMapping [main] Mapped URL path [/**] onto handler of type [class org.springframework.web.servlet.resource.ResourceHttpRequestHandler]
2020-11-09 21:34:25,346 INFO org.springframework.web.servlet.handler.SimpleUrlHandlerMapping [main] Mapped URL path [/**/favicon.ico] onto handler of type [class org.springframework.web.servlet.resource.ResourceHttpRequestHandler]
2020-11-09 21:34:25,757 INFO org.springframework.boot.actuate.endpoint.mvc.EndpointHandlerMapping [main] Mapped "{[/mappings || /mappings.json],methods=[GET],produces=[application/vnd.spring-boot.actuator.v1+json || application/json]}" onto public java.lang.Object org.springframework.boot.actuate.endpoint.mvc.EndpointMvcAdapter.invoke()
2020-11-09 21:34:25,759 INFO org.springframework.boot.actuate.endpoint.mvc.EndpointHandlerMapping [main] Mapped "{[/jolokia/**]}" onto public org.springframework.web.servlet.ModelAndView org.springframework.boot.actuate.endpoint.mvc.JolokiaMvcEndpoint.handle(javax.servlet.http.HttpServletRequest,javax.servlet.http.HttpServletResponse) throws java.lang.Exception
2020-11-09 21:34:25,760 INFO org.springframework.boot.actuate.endpoint.mvc.EndpointHandlerMapping [main] Mapped "{[/autoconfig || /autoconfig.json],methods=[GET],produces=[application/vnd.spring-boot.actuator.v1+json || application/json]}" onto public java.lang.Object org.springframework.boot.actuate.endpoint.mvc.EndpointMvcAdapter.invoke()
2020-11-09 21:34:25,761 INFO org.springframework.boot.actuate.endpoint.mvc.EndpointHandlerMapping [main] Mapped "{[/beans || /beans.json],methods=[GET],produces=[application/vnd.spring-boot.actuator.v1+json || application/json]}" onto public java.lang.Object org.springframework.boot.actuate.endpoint.mvc.EndpointMvcAdapter.invoke()
2020-11-09 21:34:25,762 INFO org.springframework.boot.actuate.endpoint.mvc.EndpointHandlerMapping [main] Mapped "{[/dump || /dump.json],methods=[GET],produces=[application/vnd.spring-boot.actuator.v1+json || application/json]}" onto public java.lang.Object org.springframework.boot.actuate.endpoint.mvc.EndpointMvcAdapter.invoke()
2020-11-09 21:34:25,763 INFO org.springframework.boot.actuate.endpoint.mvc.EndpointHandlerMapping [main] Mapped "{[/health || /health.json],methods=[GET],produces=[application/vnd.spring-boot.actuator.v1+json || application/json]}" onto public java.lang.Object org.springframework.boot.actuate.endpoint.mvc.HealthMvcEndpoint.invoke(javax.servlet.http.HttpServletRequest,java.security.Principal)
2020-11-09 21:34:25,764 INFO org.springframework.boot.actuate.endpoint.mvc.EndpointHandlerMapping [main] Mapped "{[/configprops || /configprops.json],methods=[GET],produces=[application/vnd.spring-boot.actuator.v1+json || application/json]}" onto public java.lang.Object org.springframework.boot.actuate.endpoint.mvc.EndpointMvcAdapter.invoke()
2020-11-09 21:34:25,765 INFO org.springframework.boot.actuate.endpoint.mvc.EndpointHandlerMapping [main] Mapped "{[/liquibase || /liquibase.json],methods=[GET],produces=[application/vnd.spring-boot.actuator.v1+json || application/json]}" onto public java.lang.Object org.springframework.boot.actuate.endpoint.mvc.EndpointMvcAdapter.invoke()
2020-11-09 21:34:25,766 INFO org.springframework.boot.actuate.endpoint.mvc.EndpointHandlerMapping [main] Mapped "{[/info || /info.json],methods=[GET],produces=[application/vnd.spring-boot.actuator.v1+json || application/json]}" onto public java.lang.Object org.springframework.boot.actuate.endpoint.mvc.EndpointMvcAdapter.invoke()
2020-11-09 21:34:25,767 INFO org.springframework.boot.actuate.endpoint.mvc.EndpointHandlerMapping [main] Mapped "{[/logfile || /logfile.json],methods=[GET || HEAD]}" onto public void org.springframework.boot.actuate.endpoint.mvc.LogFileMvcEndpoint.invoke(javax.servlet.http.HttpServletRequest,javax.servlet.http.HttpServletResponse) throws javax.servlet.ServletException,java.io.IOException
2020-11-09 21:34:25,768 INFO org.springframework.boot.actuate.endpoint.mvc.EndpointHandlerMapping [main] Mapped "{[/heapdump || /heapdump.json],methods=[GET],produces=[application/octet-stream]}" onto public void org.springframework.boot.actuate.endpoint.mvc.HeapdumpMvcEndpoint.invoke(boolean,javax.servlet.http.HttpServletRequest,javax.servlet.http.HttpServletResponse) throws java.io.IOException,javax.servlet.ServletException
2020-11-09 21:34:25,769 INFO org.springframework.boot.actuate.endpoint.mvc.EndpointHandlerMapping [main] Mapped "{[/auditevents || /auditevents.json],methods=[GET],produces=[application/vnd.spring-boot.actuator.v1+json || application/json]}" onto public org.springframework.http.ResponseEntity<?> org.springframework.boot.actuate.endpoint.mvc.AuditEventsMvcEndpoint.findByPrincipalAndAfterAndType(java.lang.String,java.util.Date,java.lang.String)
2020-11-09 21:34:25,769 INFO org.springframework.boot.actuate.endpoint.mvc.EndpointHandlerMapping [main] Mapped "{[/trace || /trace.json],methods=[GET],produces=[application/vnd.spring-boot.actuator.v1+json || application/json]}" onto public java.lang.Object org.springframework.boot.actuate.endpoint.mvc.EndpointMvcAdapter.invoke()
2020-11-09 21:34:25,770 INFO org.springframework.boot.actuate.endpoint.mvc.EndpointHandlerMapping [main] Mapped "{[/env/{name:.*}],methods=[GET],produces=[application/vnd.spring-boot.actuator.v1+json || application/json]}" onto public java.lang.Object org.springframework.boot.actuate.endpoint.mvc.EnvironmentMvcEndpoint.value(java.lang.String)
2020-11-09 21:34:25,770 INFO org.springframework.boot.actuate.endpoint.mvc.EndpointHandlerMapping [main] Mapped "{[/env || /env.json],methods=[GET],produces=[application/vnd.spring-boot.actuator.v1+json || application/json]}" onto public java.lang.Object org.springframework.boot.actuate.endpoint.mvc.EndpointMvcAdapter.invoke()
2020-11-09 21:34:25,771 INFO org.springframework.boot.actuate.endpoint.mvc.EndpointHandlerMapping [main] Mapped "{[/metrics/{name:.*}],methods=[GET],produces=[application/vnd.spring-boot.actuator.v1+json || application/json]}" onto public java.lang.Object org.springframework.boot.actuate.endpoint.mvc.MetricsMvcEndpoint.value(java.lang.String)
2020-11-09 21:34:25,771 INFO org.springframework.boot.actuate.endpoint.mvc.EndpointHandlerMapping [main] Mapped "{[/metrics || /metrics.json],methods=[GET],produces=[application/vnd.spring-boot.actuator.v1+json || application/json]}" onto public java.lang.Object org.springframework.boot.actuate.endpoint.mvc.EndpointMvcAdapter.invoke()
2020-11-09 21:34:25,773 INFO org.springframework.boot.actuate.endpoint.mvc.EndpointHandlerMapping [main] Mapped "{[/loggers/{name:.*}],methods=[GET],produces=[application/vnd.spring-boot.actuator.v1+json || application/json]}" onto public java.lang.Object org.springframework.boot.actuate.endpoint.mvc.LoggersMvcEndpoint.get(java.lang.String)
2020-11-09 21:34:25,774 INFO org.springframework.boot.actuate.endpoint.mvc.EndpointHandlerMapping [main] Mapped "{[/loggers/{name:.*}],methods=[POST],consumes=[application/vnd.spring-boot.actuator.v1+json || application/json],produces=[application/vnd.spring-boot.actuator.v1+json || application/json]}" onto public java.lang.Object org.springframework.boot.actuate.endpoint.mvc.LoggersMvcEndpoint.set(java.lang.String,java.util.Map<java.lang.String, java.lang.String>)
2020-11-09 21:34:25,774 INFO org.springframework.boot.actuate.endpoint.mvc.EndpointHandlerMapping [main] Mapped "{[/loggers || /loggers.json],methods=[GET],produces=[application/vnd.spring-boot.actuator.v1+json || application/json]}" onto public java.lang.Object org.springframework.boot.actuate.endpoint.mvc.EndpointMvcAdapter.invoke()
2020-11-09 21:34:26,052 INFO org.springframework.jmx.export.annotation.AnnotationMBeanExporter [main] Registering beans for JMX exposure on startup
2020-11-09 21:34:26,054 INFO org.springframework.jmx.export.annotation.AnnotationMBeanExporter [main] Bean with name 'dataSource' has been autodetected for JMX exposure
2020-11-09 21:34:26,062 INFO org.springframework.jmx.export.annotation.AnnotationMBeanExporter [main] Located MBean 'dataSource': registering with JMX server as MBean [com.zaxxer.hikari:name=dataSource,type=HikariDataSource]
2020-11-09 21:34:26,063 INFO org.springframework.boot.actuate.endpoint.jmx.EndpointMBeanExporter [main] Registering beans for JMX exposure on startup
2020-11-09 21:34:26,070 INFO org.springframework.context.support.DefaultLifecycleProcessor [main] Starting beans in phase 0
2020-11-09 21:34:26,073 INFO org.springframework.boot.actuate.endpoint.jmx.EndpointMBeanExporter [main] Located managed bean 'auditEventsEndpoint': registering with JMX server as MBean [org.springframework.boot:type=Endpoint,name=auditEventsEndpoint]
2020-11-09 21:34:26,094 INFO org.springframework.boot.actuate.endpoint.jmx.EndpointMBeanExporter [main] Located managed bean 'requestMappingEndpoint': registering with JMX server as MBean [org.springframework.boot:type=Endpoint,name=requestMappingEndpoint]
2020-11-09 21:34:26,111 INFO org.springframework.boot.actuate.endpoint.jmx.EndpointMBeanExporter [main] Located managed bean 'liquibaseEndpoint': registering with JMX server as MBean [org.springframework.boot:type=Endpoint,name=liquibaseEndpoint]
2020-11-09 21:34:26,118 INFO org.springframework.boot.actuate.endpoint.jmx.EndpointMBeanExporter [main] Located managed bean 'environmentEndpoint': registering with JMX server as MBean [org.springframework.boot:type=Endpoint,name=environmentEndpoint]
2020-11-09 21:34:26,122 INFO org.springframework.boot.actuate.endpoint.jmx.EndpointMBeanExporter [main] Located managed bean 'healthEndpoint': registering with JMX server as MBean [org.springframework.boot:type=Endpoint,name=healthEndpoint]
2020-11-09 21:34:26,125 INFO org.springframework.boot.actuate.endpoint.jmx.EndpointMBeanExporter [main] Located managed bean 'beansEndpoint': registering with JMX server as MBean [org.springframework.boot:type=Endpoint,name=beansEndpoint]
2020-11-09 21:34:26,129 INFO org.springframework.boot.actuate.endpoint.jmx.EndpointMBeanExporter [main] Located managed bean 'infoEndpoint': registering with JMX server as MBean [org.springframework.boot:type=Endpoint,name=infoEndpoint]
2020-11-09 21:34:26,133 INFO org.springframework.boot.actuate.endpoint.jmx.EndpointMBeanExporter [main] Located managed bean 'loggersEndpoint': registering with JMX server as MBean [org.springframework.boot:type=Endpoint,name=loggersEndpoint]
2020-11-09 21:34:26,141 INFO org.springframework.boot.actuate.endpoint.jmx.EndpointMBeanExporter [main] Located managed bean 'metricsEndpoint': registering with JMX server as MBean [org.springframework.boot:type=Endpoint,name=metricsEndpoint]
2020-11-09 21:34:26,145 INFO org.springframework.boot.actuate.endpoint.jmx.EndpointMBeanExporter [main] Located managed bean 'traceEndpoint': registering with JMX server as MBean [org.springframework.boot:type=Endpoint,name=traceEndpoint]
2020-11-09 21:34:26,149 INFO org.springframework.boot.actuate.endpoint.jmx.EndpointMBeanExporter [main] Located managed bean 'dumpEndpoint': registering with JMX server as MBean [org.springframework.boot:type=Endpoint,name=dumpEndpoint]
2020-11-09 21:34:26,154 INFO org.springframework.boot.actuate.endpoint.jmx.EndpointMBeanExporter [main] Located managed bean 'autoConfigurationReportEndpoint': registering with JMX server as MBean [org.springframework.boot:type=Endpoint,name=autoConfigurationReportEndpoint]
2020-11-09 21:34:26,158 INFO org.springframework.boot.actuate.endpoint.jmx.EndpointMBeanExporter [main] Located managed bean 'configurationPropertiesReportEndpoint': registering with JMX server as MBean [org.springframework.boot:type=Endpoint,name=configurationPropertiesReportEndpoint]
2020-11-09 21:34:26,238 INFO org.springframework.boot.context.embedded.undertow.UndertowEmbeddedServletContainer [main] Undertow started on port(s) 8099 (http)
2020-11-09 21:34:26,245 INFO com.eureka_labs.challenge.MarvelApiApplication [main] Started MarvelApiApplication in 7.699 seconds (JVM running for 8.325)
2020-11-09 21:34:37,384 INFO io.undertow.servlet [XNIO-2 task-1] Initializing Spring FrameworkServlet 'dispatcherServlet'
2020-11-09 21:34:37,385 INFO org.springframework.web.servlet.DispatcherServlet [XNIO-2 task-1] FrameworkServlet 'dispatcherServlet': initialization started
2020-11-09 21:34:37,402 INFO org.springframework.web.servlet.DispatcherServlet [XNIO-2 task-1] FrameworkServlet 'dispatcherServlet': initialization completed in 17 ms
2020-11-09 21:34:37,421 INFO com.eureka_labs.challenge.controllers.Controller [XNIO-2 task-1] Request to start loading all marvel superheroes to database...
2020-11-09 21:34:37,422 INFO com.eureka_labs.challenge.services.processor.ProcessorImpl [XNIO-2 task-1] Fetching marvel superheroes from external api...
2020-11-09 21:34:42,866 INFO com.eureka_labs.challenge.services.processor.ProcessorImpl [XNIO-2 task-1] Start saving all superheroes in database...
2020-11-09 21:34:42,867 INFO com.eureka_labs.challenge.services.processor.ProcessorImpl [XNIO-2 task-1] Saving superhero 3-D Man in database
2020-11-09 21:34:42,912 INFO com.eureka_labs.challenge.services.processor.ProcessorImpl [XNIO-2 task-1] Saving superhero A-Bomb (HAS) in database
2020-11-09 21:34:42,914 INFO com.eureka_labs.challenge.services.processor.ProcessorImpl [XNIO-2 task-1] Saving superhero A.I.M. in database
2020-11-09 21:34:42,917 INFO com.eureka_labs.challenge.services.processor.ProcessorImpl [XNIO-2 task-1] Saving superhero Aaron Stack in database
2020-11-09 21:34:42,919 INFO com.eureka_labs.challenge.services.processor.ProcessorImpl [XNIO-2 task-1] Saving superhero Abomination (Emil Blonsky) in database
2020-11-09 21:34:42,921 INFO com.eureka_labs.challenge.services.processor.ProcessorImpl [XNIO-2 task-1] Saving superhero Abomination (Ultimate) in database
2020-11-09 21:34:42,923 INFO com.eureka_labs.challenge.services.processor.ProcessorImpl [XNIO-2 task-1] Saving superhero Absorbing Man in database
2020-11-09 21:34:42,925 INFO com.eureka_labs.challenge.services.processor.ProcessorImpl [XNIO-2 task-1] Saving superhero Abyss in database
2020-11-09 21:34:42,928 INFO com.eureka_labs.challenge.services.processor.ProcessorImpl [XNIO-2 task-1] Saving superhero Abyss (Age of Apocalypse) in database
2020-11-09 21:34:42,930 INFO com.eureka_labs.challenge.services.processor.ProcessorImpl [XNIO-2 task-1] Saving superhero Adam Destine in database
2020-11-09 21:34:42,933 INFO com.eureka_labs.challenge.services.processor.ProcessorImpl [XNIO-2 task-1] Saving superhero Adam Warlock in database
2020-11-09 21:34:42,935 INFO com.eureka_labs.challenge.services.processor.ProcessorImpl [XNIO-2 task-1] Saving superhero Aegis (Trey Rollins) in database
2020-11-09 21:34:42,937 INFO com.eureka_labs.challenge.services.processor.ProcessorImpl [XNIO-2 task-1] Saving superhero Agent Brand in database
2020-11-09 21:34:42,938 INFO com.eureka_labs.challenge.services.processor.ProcessorImpl [XNIO-2 task-1] Saving superhero Agent X (Nijo) in database
2020-11-09 21:34:42,940 INFO com.eureka_labs.challenge.services.processor.ProcessorImpl [XNIO-2 task-1] Saving superhero Agent Zero in database
2020-11-09 21:34:42,942 INFO com.eureka_labs.challenge.services.processor.ProcessorImpl [XNIO-2 task-1] Saving superhero Agents of Atlas in database
2020-11-09 21:34:42,944 INFO com.eureka_labs.challenge.services.processor.ProcessorImpl [XNIO-2 task-1] Saving superhero Aginar in database
2020-11-09 21:34:42,947 INFO com.eureka_labs.challenge.services.processor.ProcessorImpl [XNIO-2 task-1] Saving superhero Air-Walker (Gabriel Lan) in database
2020-11-09 21:34:42,949 INFO com.eureka_labs.challenge.services.processor.ProcessorImpl [XNIO-2 task-1] Saving superhero Ajak in database
2020-11-09 21:34:42,951 INFO com.eureka_labs.challenge.services.processor.ProcessorImpl [XNIO-2 task-1] Saving superhero Ajaxis in database
2020-11-09 21:40:02,533 INFO com.eureka_labs.challenge.controllers.Controller [XNIO-2 task-2] Request to start loading all marvel superheroes to database...
2020-11-09 21:40:02,533 INFO com.eureka_labs.challenge.services.processor.ProcessorImpl [XNIO-2 task-2] Fetching marvel superheroes from external api...
2020-11-09 21:40:04,339 INFO com.eureka_labs.challenge.services.processor.ProcessorImpl [XNIO-2 task-2] Start saving all superheroes in database...
2020-11-09 21:40:04,339 INFO com.eureka_labs.challenge.services.processor.ProcessorImpl [XNIO-2 task-2] Saving superhero 3-D Man in database
2020-11-09 21:40:04,342 INFO com.eureka_labs.challenge.services.processor.ProcessorImpl [XNIO-2 task-2] Saving superhero A-Bomb (HAS) in database
2020-11-09 21:40:04,344 INFO com.eureka_labs.challenge.services.processor.ProcessorImpl [XNIO-2 task-2] Saving superhero A.I.M. in database
2020-11-09 21:40:04,346 INFO com.eureka_labs.challenge.services.processor.ProcessorImpl [XNIO-2 task-2] Saving superhero Aaron Stack in database
2020-11-09 21:40:04,347 INFO com.eureka_labs.challenge.services.processor.ProcessorImpl [XNIO-2 task-2] Saving superhero Abomination (Emil Blonsky) in database
2020-11-09 21:40:04,349 INFO com.eureka_labs.challenge.services.processor.ProcessorImpl [XNIO-2 task-2] Saving superhero Abomination (Ultimate) in database
2020-11-09 21:40:04,351 INFO com.eureka_labs.challenge.services.processor.ProcessorImpl [XNIO-2 task-2] Saving superhero Absorbing Man in database
2020-11-09 21:40:04,354 INFO com.eureka_labs.challenge.services.processor.ProcessorImpl [XNIO-2 task-2] Saving superhero Abyss in database
2020-11-09 21:40:04,356 INFO com.eureka_labs.challenge.services.processor.ProcessorImpl [XNIO-2 task-2] Saving superhero Abyss (Age of Apocalypse) in database
2020-11-09 21:40:04,358 INFO com.eureka_labs.challenge.services.processor.ProcessorImpl [XNIO-2 task-2] Saving superhero Adam Destine in database
2020-11-09 21:40:04,359 INFO com.eureka_labs.challenge.services.processor.ProcessorImpl [XNIO-2 task-2] Saving superhero Adam Warlock in database
2020-11-09 21:40:04,361 INFO com.eureka_labs.challenge.services.processor.ProcessorImpl [XNIO-2 task-2] Saving superhero Aegis (Trey Rollins) in database
2020-11-09 21:40:04,363 INFO com.eureka_labs.challenge.services.processor.ProcessorImpl [XNIO-2 task-2] Saving superhero Agent Brand in database
2020-11-09 21:40:04,365 INFO com.eureka_labs.challenge.services.processor.ProcessorImpl [XNIO-2 task-2] Saving superhero Agent X (Nijo) in database
2020-11-09 21:40:04,367 INFO com.eureka_labs.challenge.services.processor.ProcessorImpl [XNIO-2 task-2] Saving superhero Agent Zero in database
2020-11-09 21:40:04,370 INFO com.eureka_labs.challenge.services.processor.ProcessorImpl [XNIO-2 task-2] Saving superhero Agents of Atlas in database
2020-11-09 21:40:04,372 INFO com.eureka_labs.challenge.services.processor.ProcessorImpl [XNIO-2 task-2] Saving superhero Aginar in database
2020-11-09 21:40:04,373 INFO com.eureka_labs.challenge.services.processor.ProcessorImpl [XNIO-2 task-2] Saving superhero Air-Walker (Gabriel Lan) in database
2020-11-09 21:40:04,375 INFO com.eureka_labs.challenge.services.processor.ProcessorImpl [XNIO-2 task-2] Saving superhero Ajak in database
2020-11-09 21:40:04,377 INFO com.eureka_labs.challenge.services.processor.ProcessorImpl [XNIO-2 task-2] Saving superhero Ajaxis in database
2020-11-09 21:48:22,798 INFO com.eureka_labs.challenge.MarvelApiApplication [main] Starting MarvelApiApplication on DESKTOP-TBJ78K6 with PID 16928 (C:\Users\juanp\Desktop\challenge-el\target\classes started by juanp in C:\Users\juanp\Desktop\challenge-el)
2020-11-09 21:48:22,801 DEBUG com.eureka_labs.challenge.MarvelApiApplication [main] Running with Spring Boot v1.5.8.RELEASE, Spring v4.3.12.RELEASE
2020-11-09 21:48:22,801 INFO com.eureka_labs.challenge.MarvelApiApplication [main] The following profiles are active: local
2020-11-09 21:48:22,852 INFO org.springframework.boot.context.embedded.AnnotationConfigEmbeddedWebApplicationContext [main] Refreshing org.springframework.boot.context.embedded.AnnotationConfigEmbeddedWebApplicationContext@4351171a: startup date [Mon Nov 09 21:48:22 ART 2020]; root of context hierarchy
2020-11-09 21:48:22,889 INFO org.hibernate.validator.internal.util.Version [background-preinit] HV000001: Hibernate Validator 5.3.5.Final
2020-11-09 21:48:23,809 INFO org.springframework.beans.factory.support.DefaultListableBeanFactory [main] Overriding bean definition for bean 'dataSource' with a different definition: replacing [Root bean: class [null]; scope=; abstract=false; lazyInit=false; autowireMode=3; dependencyCheck=0; autowireCandidate=true; primary=false; factoryBeanName=org.springframework.boot.autoconfigure.jdbc.DataSourceConfiguration$Generic; factoryMethodName=dataSource; initMethodName=null; destroyMethodName=(inferred); defined in class path resource [org/springframework/boot/autoconfigure/jdbc/DataSourceConfiguration$Generic.class]] with [Root bean: class [null]; scope=; abstract=false; lazyInit=false; autowireMode=3; dependencyCheck=0; autowireCandidate=true; primary=false; factoryBeanName=org.springframework.boot.autoconfigure.jdbc.DataSourceConfiguration$Hikari; factoryMethodName=dataSource; initMethodName=null; destroyMethodName=(inferred); defined in class path resource [org/springframework/boot/autoconfigure/jdbc/DataSourceConfiguration$Hikari.class]]
2020-11-09 21:48:24,485 INFO org.springframework.context.support.PostProcessorRegistrationDelegate$BeanPostProcessorChecker [main] Bean 'org.springframework.ws.config.annotation.DelegatingWsConfiguration' of type [org.springframework.ws.config.annotation.DelegatingWsConfiguration$$EnhancerBySpringCGLIB$$4c7462ee] is not eligible for getting processed by all BeanPostProcessors (for example: not eligible for auto-proxying)
2020-11-09 21:48:24,532 INFO org.springframework.ws.soap.addressing.server.AnnotationActionEndpointMapping [main] Supporting [WS-Addressing August 2004, WS-Addressing 1.0]
2020-11-09 21:48:25,245 INFO org.xnio [main] XNIO version 3.3.8.Final
2020-11-09 21:48:25,255 INFO org.xnio.nio [main] XNIO NIO Implementation Version 3.3.8.Final
2020-11-09 21:48:25,505 WARN io.undertow.websockets.jsr [main] UT026009: XNIO worker was not set on WebSocketDeploymentInfo, the default worker will be used
2020-11-09 21:48:25,506 WARN io.undertow.websockets.jsr [main] UT026010: Buffer pool was not set on WebSocketDeploymentInfo, the default pool will be used
2020-11-09 21:48:25,532 INFO io.undertow.servlet [main] Initializing Spring embedded WebApplicationContext
2020-11-09 21:48:25,532 INFO org.springframework.web.context.ContextLoader [main] Root WebApplicationContext: initialization completed in 2680 ms
2020-11-09 21:48:25,734 INFO org.springframework.boot.web.servlet.ServletRegistrationBean [main] Mapping servlet: 'dispatcherServlet' to [/]
2020-11-09 21:48:25,737 INFO org.springframework.boot.web.servlet.ServletRegistrationBean [main] Mapping servlet: 'messageDispatcherServlet' to [/services/*]
2020-11-09 21:48:25,738 INFO org.springframework.boot.web.servlet.FilterRegistrationBean [main] Mapping filter: 'metricsFilter' to: [/*]
2020-11-09 21:48:25,739 INFO org.springframework.boot.web.servlet.FilterRegistrationBean [main] Mapping filter: 'characterEncodingFilter' to: [/*]
2020-11-09 21:48:25,739 INFO org.springframework.boot.web.servlet.FilterRegistrationBean [main] Mapping filter: 'hiddenHttpMethodFilter' to: [/*]
2020-11-09 21:48:25,739 INFO org.springframework.boot.web.servlet.FilterRegistrationBean [main] Mapping filter: 'httpPutFormContentFilter' to: [/*]
2020-11-09 21:48:25,740 INFO org.springframework.boot.web.servlet.FilterRegistrationBean [main] Mapping filter: 'requestContextFilter' to: [/*]
2020-11-09 21:48:25,740 INFO org.springframework.boot.web.servlet.FilterRegistrationBean [main] Mapping filter: 'webRequestLoggingFilter' to: [/*]
2020-11-09 21:48:25,740 INFO org.springframework.boot.web.servlet.FilterRegistrationBean [main] Mapping filter: 'applicationContextIdFilter' to: [/*]
2020-11-09 21:48:26,218 INFO com.zaxxer.hikari.HikariDataSource [main] HikariPool-1 - Started.
2020-11-09 21:48:26,307 INFO com.zaxxer.hikari.pool.PoolBase [main] HikariPool-1 - Driver does not support get/set network timeout for connections. (Method org.postgresql.jdbc.PgConnection.getNetworkTimeout() is not yet implemented.)
2020-11-09 21:48:26,466 INFO liquibase [main] Successfully acquired change log lock
2020-11-09 21:48:27,301 INFO liquibase [main] Reading from public.databasechangelog
2020-11-09 21:48:27,324 INFO liquibase [main] Successfully released change log lock
2020-11-09 21:48:27,450 INFO org.springframework.orm.jpa.LocalContainerEntityManagerFactoryBean [main] Building JPA container EntityManagerFactory for persistence unit 'default'
2020-11-09 21:48:27,466 INFO org.hibernate.jpa.internal.util.LogHelper [main] HHH000204: Processing PersistenceUnitInfo [
	name: default
	...]
2020-11-09 21:48:27,561 INFO org.hibernate.Version [main] HHH000412: Hibernate Core {5.0.12.Final}
2020-11-09 21:48:27,562 INFO org.hibernate.cfg.Environment [main] HHH000206: hibernate.properties not found
2020-11-09 21:48:27,563 INFO org.hibernate.cfg.Environment [main] HHH000021: Bytecode provider name : javassist
2020-11-09 21:48:27,602 INFO org.hibernate.annotations.common.Version [main] HCANN000001: Hibernate Commons Annotations {5.0.1.Final}
2020-11-09 21:48:27,707 INFO org.hibernate.dialect.Dialect [main] HHH000400: Using dialect: org.hibernate.dialect.PostgreSQLDialect
2020-11-09 21:48:27,724 INFO org.hibernate.engine.jdbc.env.internal.LobCreatorBuilderImpl [main] HHH000422: Disabling contextual LOB creation as connection was null
2020-11-09 21:48:27,727 INFO org.hibernate.type.BasicTypeRegistry [main] HHH000270: Type registration [java.util.UUID] overrides previous : org.hibernate.type.UUIDBinaryType@153d14e3
2020-11-09 21:48:28,103 INFO org.springframework.orm.jpa.LocalContainerEntityManagerFactoryBean [main] Initialized JPA EntityManagerFactory for persistence unit 'default'
2020-11-09 21:48:28,806 INFO io.undertow.servlet [main] jolokia: No access restrictor found, access to any MBean is allowed
2020-11-09 21:48:29,061 INFO org.springframework.web.servlet.mvc.method.annotation.RequestMappingHandlerAdapter [main] Looking for @ControllerAdvice: org.springframework.boot.context.embedded.AnnotationConfigEmbeddedWebApplicationContext@4351171a: startup date [Mon Nov 09 21:48:22 ART 2020]; root of context hierarchy
2020-11-09 21:48:29,138 INFO org.springframework.web.servlet.mvc.method.annotation.RequestMappingHandlerMapping [main] Mapped "{[/superheroes],methods=[GET],produces=[application/json]}" onto public org.springframework.http.ResponseEntity<com.eureka_labs.challenge.domain.model.SuperHeroesResponse> com.eureka_labs.challenge.controllers.Controller.getAllSuperHeroes()
2020-11-09 21:48:29,139 INFO org.springframework.web.servlet.mvc.method.annotation.RequestMappingHandlerMapping [main] Mapped "{[/superhero/{name}],methods=[GET],produces=[application/json]}" onto public org.springframework.http.ResponseEntity<com.eureka_labs.challenge.database.entity.SuperHeroe> com.eureka_labs.challenge.controllers.Controller.getSuperHeroByName(java.lang.String)
2020-11-09 21:48:29,140 INFO org.springframework.web.servlet.mvc.method.annotation.RequestMappingHandlerMapping [main] Mapped "{[/loadheroes],methods=[POST]}" onto public void com.eureka_labs.challenge.controllers.Controller.loadHeroes()
2020-11-09 21:48:29,142 INFO org.springframework.web.servlet.mvc.method.annotation.RequestMappingHandlerMapping [main] Mapped "{[/error]}" onto public org.springframework.http.ResponseEntity<java.util.Map<java.lang.String, java.lang.Object>> org.springframework.boot.autoconfigure.web.BasicErrorController.error(javax.servlet.http.HttpServletRequest)
2020-11-09 21:48:29,143 INFO org.springframework.web.servlet.mvc.method.annotation.RequestMappingHandlerMapping [main] Mapped "{[/error],produces=[text/html]}" onto public org.springframework.web.servlet.ModelAndView org.springframework.boot.autoconfigure.web.BasicErrorController.errorHtml(javax.servlet.http.HttpServletRequest,javax.servlet.http.HttpServletResponse)
2020-11-09 21:48:29,175 INFO org.springframework.web.servlet.handler.SimpleUrlHandlerMapping [main] Mapped URL path [/webjars/**] onto handler of type [class org.springframework.web.servlet.resource.ResourceHttpRequestHandler]
2020-11-09 21:48:29,176 INFO org.springframework.web.servlet.handler.SimpleUrlHandlerMapping [main] Mapped URL path [/**] onto handler of type [class org.springframework.web.servlet.resource.ResourceHttpRequestHandler]
2020-11-09 21:48:29,232 INFO org.springframework.web.servlet.handler.SimpleUrlHandlerMapping [main] Mapped URL path [/**/favicon.ico] onto handler of type [class org.springframework.web.servlet.resource.ResourceHttpRequestHandler]
2020-11-09 21:48:29,713 INFO org.springframework.boot.actuate.endpoint.mvc.EndpointHandlerMapping [main] Mapped "{[/logfile || /logfile.json],methods=[GET || HEAD]}" onto public void org.springframework.boot.actuate.endpoint.mvc.LogFileMvcEndpoint.invoke(javax.servlet.http.HttpServletRequest,javax.servlet.http.HttpServletResponse) throws javax.servlet.ServletException,java.io.IOException
2020-11-09 21:48:29,714 INFO org.springframework.boot.actuate.endpoint.mvc.EndpointHandlerMapping [main] Mapped "{[/health || /health.json],methods=[GET],produces=[application/vnd.spring-boot.actuator.v1+json || application/json]}" onto public java.lang.Object org.springframework.boot.actuate.endpoint.mvc.HealthMvcEndpoint.invoke(javax.servlet.http.HttpServletRequest,java.security.Principal)
2020-11-09 21:48:29,725 INFO org.springframework.boot.actuate.endpoint.mvc.EndpointHandlerMapping [main] Mapped "{[/autoconfig || /autoconfig.json],methods=[GET],produces=[application/vnd.spring-boot.actuator.v1+json || application/json]}" onto public java.lang.Object org.springframework.boot.actuate.endpoint.mvc.EndpointMvcAdapter.invoke()
2020-11-09 21:48:29,727 INFO org.springframework.boot.actuate.endpoint.mvc.EndpointHandlerMapping [main] Mapped "{[/jolokia/**]}" onto public org.springframework.web.servlet.ModelAndView org.springframework.boot.actuate.endpoint.mvc.JolokiaMvcEndpoint.handle(javax.servlet.http.HttpServletRequest,javax.servlet.http.HttpServletResponse) throws java.lang.Exception
2020-11-09 21:48:29,728 INFO org.springframework.boot.actuate.endpoint.mvc.EndpointHandlerMapping [main] Mapped "{[/configprops || /configprops.json],methods=[GET],produces=[application/vnd.spring-boot.actuator.v1+json || application/json]}" onto public java.lang.Object org.springframework.boot.actuate.endpoint.mvc.EndpointMvcAdapter.invoke()
2020-11-09 21:48:29,729 INFO org.springframework.boot.actuate.endpoint.mvc.EndpointHandlerMapping [main] Mapped "{[/auditevents || /auditevents.json],methods=[GET],produces=[application/vnd.spring-boot.actuator.v1+json || application/json]}" onto public org.springframework.http.ResponseEntity<?> org.springframework.boot.actuate.endpoint.mvc.AuditEventsMvcEndpoint.findByPrincipalAndAfterAndType(java.lang.String,java.util.Date,java.lang.String)
2020-11-09 21:48:29,731 INFO org.springframework.boot.actuate.endpoint.mvc.EndpointHandlerMapping [main] Mapped "{[/trace || /trace.json],methods=[GET],produces=[application/vnd.spring-boot.actuator.v1+json || application/json]}" onto public java.lang.Object org.springframework.boot.actuate.endpoint.mvc.EndpointMvcAdapter.invoke()
2020-11-09 21:48:29,731 INFO org.springframework.boot.actuate.endpoint.mvc.EndpointHandlerMapping [main] Mapped "{[/env/{name:.*}],methods=[GET],produces=[application/vnd.spring-boot.actuator.v1+json || application/json]}" onto public java.lang.Object org.springframework.boot.actuate.endpoint.mvc.EnvironmentMvcEndpoint.value(java.lang.String)
2020-11-09 21:48:29,732 INFO org.springframework.boot.actuate.endpoint.mvc.EndpointHandlerMapping [main] Mapped "{[/env || /env.json],methods=[GET],produces=[application/vnd.spring-boot.actuator.v1+json || application/json]}" onto public java.lang.Object org.springframework.boot.actuate.endpoint.mvc.EndpointMvcAdapter.invoke()
2020-11-09 21:48:29,734 INFO org.springframework.boot.actuate.endpoint.mvc.EndpointHandlerMapping [main] Mapped "{[/metrics/{name:.*}],methods=[GET],produces=[application/vnd.spring-boot.actuator.v1+json || application/json]}" onto public java.lang.Object org.springframework.boot.actuate.endpoint.mvc.MetricsMvcEndpoint.value(java.lang.String)
2020-11-09 21:48:29,735 INFO org.springframework.boot.actuate.endpoint.mvc.EndpointHandlerMapping [main] Mapped "{[/metrics || /metrics.json],methods=[GET],produces=[application/vnd.spring-boot.actuator.v1+json || application/json]}" onto public java.lang.Object org.springframework.boot.actuate.endpoint.mvc.EndpointMvcAdapter.invoke()
2020-11-09 21:48:29,736 INFO org.springframework.boot.actuate.endpoint.mvc.EndpointHandlerMapping [main] Mapped "{[/beans || /beans.json],methods=[GET],produces=[application/vnd.spring-boot.actuator.v1+json || application/json]}" onto public java.lang.Object org.springframework.boot.actuate.endpoint.mvc.EndpointMvcAdapter.invoke()
2020-11-09 21:48:29,737 INFO org.springframework.boot.actuate.endpoint.mvc.EndpointHandlerMapping [main] Mapped "{[/info || /info.json],methods=[GET],produces=[application/vnd.spring-boot.actuator.v1+json || application/json]}" onto public java.lang.Object org.springframework.boot.actuate.endpoint.mvc.EndpointMvcAdapter.invoke()
2020-11-09 21:48:29,738 INFO org.springframework.boot.actuate.endpoint.mvc.EndpointHandlerMapping [main] Mapped "{[/heapdump || /heapdump.json],methods=[GET],produces=[application/octet-stream]}" onto public void org.springframework.boot.actuate.endpoint.mvc.HeapdumpMvcEndpoint.invoke(boolean,javax.servlet.http.HttpServletRequest,javax.servlet.http.HttpServletResponse) throws java.io.IOException,javax.servlet.ServletException
2020-11-09 21:48:29,740 INFO org.springframework.boot.actuate.endpoint.mvc.EndpointHandlerMapping [main] Mapped "{[/loggers/{name:.*}],methods=[GET],produces=[application/vnd.spring-boot.actuator.v1+json || application/json]}" onto public java.lang.Object org.springframework.boot.actuate.endpoint.mvc.LoggersMvcEndpoint.get(java.lang.String)
2020-11-09 21:48:29,740 INFO org.springframework.boot.actuate.endpoint.mvc.EndpointHandlerMapping [main] Mapped "{[/loggers/{name:.*}],methods=[POST],consumes=[application/vnd.spring-boot.actuator.v1+json || application/json],produces=[application/vnd.spring-boot.actuator.v1+json || application/json]}" onto public java.lang.Object org.springframework.boot.actuate.endpoint.mvc.LoggersMvcEndpoint.set(java.lang.String,java.util.Map<java.lang.String, java.lang.String>)
2020-11-09 21:48:29,741 INFO org.springframework.boot.actuate.endpoint.mvc.EndpointHandlerMapping [main] Mapped "{[/loggers || /loggers.json],methods=[GET],produces=[application/vnd.spring-boot.actuator.v1+json || application/json]}" onto public java.lang.Object org.springframework.boot.actuate.endpoint.mvc.EndpointMvcAdapter.invoke()
2020-11-09 21:48:29,742 INFO org.springframework.boot.actuate.endpoint.mvc.EndpointHandlerMapping [main] Mapped "{[/mappings || /mappings.json],methods=[GET],produces=[application/vnd.spring-boot.actuator.v1+json || application/json]}" onto public java.lang.Object org.springframework.boot.actuate.endpoint.mvc.EndpointMvcAdapter.invoke()
2020-11-09 21:48:29,743 INFO org.springframework.boot.actuate.endpoint.mvc.EndpointHandlerMapping [main] Mapped "{[/dump || /dump.json],methods=[GET],produces=[application/vnd.spring-boot.actuator.v1+json || application/json]}" onto public java.lang.Object org.springframework.boot.actuate.endpoint.mvc.EndpointMvcAdapter.invoke()
2020-11-09 21:48:29,744 INFO org.springframework.boot.actuate.endpoint.mvc.EndpointHandlerMapping [main] Mapped "{[/liquibase || /liquibase.json],methods=[GET],produces=[application/vnd.spring-boot.actuator.v1+json || application/json]}" onto public java.lang.Object org.springframework.boot.actuate.endpoint.mvc.EndpointMvcAdapter.invoke()
2020-11-09 21:48:30,057 INFO org.springframework.jmx.export.annotation.AnnotationMBeanExporter [main] Registering beans for JMX exposure on startup
2020-11-09 21:48:30,060 INFO org.springframework.jmx.export.annotation.AnnotationMBeanExporter [main] Bean with name 'dataSource' has been autodetected for JMX exposure
2020-11-09 21:48:30,067 INFO org.springframework.jmx.export.annotation.AnnotationMBeanExporter [main] Located MBean 'dataSource': registering with JMX server as MBean [com.zaxxer.hikari:name=dataSource,type=HikariDataSource]
2020-11-09 21:48:30,070 INFO org.springframework.boot.actuate.endpoint.jmx.EndpointMBeanExporter [main] Registering beans for JMX exposure on startup
2020-11-09 21:48:30,076 INFO org.springframework.context.support.DefaultLifecycleProcessor [main] Starting beans in phase 0
2020-11-09 21:48:30,080 INFO org.springframework.boot.actuate.endpoint.jmx.EndpointMBeanExporter [main] Located managed bean 'auditEventsEndpoint': registering with JMX server as MBean [org.springframework.boot:type=Endpoint,name=auditEventsEndpoint]
2020-11-09 21:48:30,107 INFO org.springframework.boot.actuate.endpoint.jmx.EndpointMBeanExporter [main] Located managed bean 'requestMappingEndpoint': registering with JMX server as MBean [org.springframework.boot:type=Endpoint,name=requestMappingEndpoint]
2020-11-09 21:48:30,125 INFO org.springframework.boot.actuate.endpoint.jmx.EndpointMBeanExporter [main] Located managed bean 'liquibaseEndpoint': registering with JMX server as MBean [org.springframework.boot:type=Endpoint,name=liquibaseEndpoint]
2020-11-09 21:48:30,133 INFO org.springframework.boot.actuate.endpoint.jmx.EndpointMBeanExporter [main] Located managed bean 'environmentEndpoint': registering with JMX server as MBean [org.springframework.boot:type=Endpoint,name=environmentEndpoint]
2020-11-09 21:48:30,137 INFO org.springframework.boot.actuate.endpoint.jmx.EndpointMBeanExporter [main] Located managed bean 'healthEndpoint': registering with JMX server as MBean [org.springframework.boot:type=Endpoint,name=healthEndpoint]
2020-11-09 21:48:30,147 INFO org.springframework.boot.actuate.endpoint.jmx.EndpointMBeanExporter [main] Located managed bean 'beansEndpoint': registering with JMX server as MBean [org.springframework.boot:type=Endpoint,name=beansEndpoint]
2020-11-09 21:48:30,150 INFO org.springframework.boot.actuate.endpoint.jmx.EndpointMBeanExporter [main] Located managed bean 'infoEndpoint': registering with JMX server as MBean [org.springframework.boot:type=Endpoint,name=infoEndpoint]
2020-11-09 21:48:30,155 INFO org.springframework.boot.actuate.endpoint.jmx.EndpointMBeanExporter [main] Located managed bean 'loggersEndpoint': registering with JMX server as MBean [org.springframework.boot:type=Endpoint,name=loggersEndpoint]
2020-11-09 21:48:30,168 INFO org.springframework.boot.actuate.endpoint.jmx.EndpointMBeanExporter [main] Located managed bean 'metricsEndpoint': registering with JMX server as MBean [org.springframework.boot:type=Endpoint,name=metricsEndpoint]
2020-11-09 21:48:30,172 INFO org.springframework.boot.actuate.endpoint.jmx.EndpointMBeanExporter [main] Located managed bean 'traceEndpoint': registering with JMX server as MBean [org.springframework.boot:type=Endpoint,name=traceEndpoint]
2020-11-09 21:48:30,176 INFO org.springframework.boot.actuate.endpoint.jmx.EndpointMBeanExporter [main] Located managed bean 'dumpEndpoint': registering with JMX server as MBean [org.springframework.boot:type=Endpoint,name=dumpEndpoint]
2020-11-09 21:48:30,182 INFO org.springframework.boot.actuate.endpoint.jmx.EndpointMBeanExporter [main] Located managed bean 'autoConfigurationReportEndpoint': registering with JMX server as MBean [org.springframework.boot:type=Endpoint,name=autoConfigurationReportEndpoint]
2020-11-09 21:48:30,186 INFO org.springframework.boot.actuate.endpoint.jmx.EndpointMBeanExporter [main] Located managed bean 'configurationPropertiesReportEndpoint': registering with JMX server as MBean [org.springframework.boot:type=Endpoint,name=configurationPropertiesReportEndpoint]
2020-11-09 21:48:30,320 INFO org.springframework.boot.context.embedded.undertow.UndertowEmbeddedServletContainer [main] Undertow started on port(s) 8099 (http)
2020-11-09 21:48:30,342 INFO com.eureka_labs.challenge.MarvelApiApplication [main] Started MarvelApiApplication in 8.511 seconds (JVM running for 9.179)
2020-11-09 21:49:02,807 INFO io.undertow.servlet [XNIO-2 task-1] Initializing Spring FrameworkServlet 'dispatcherServlet'
2020-11-09 21:49:02,807 INFO org.springframework.web.servlet.DispatcherServlet [XNIO-2 task-1] FrameworkServlet 'dispatcherServlet': initialization started
2020-11-09 21:49:02,822 INFO org.springframework.web.servlet.DispatcherServlet [XNIO-2 task-1] FrameworkServlet 'dispatcherServlet': initialization completed in 15 ms
2020-11-09 21:49:25,057 INFO org.hibernate.hql.internal.QueryTranslatorFactoryInitiator [XNIO-2 task-2] HHH000397: Using ASTQueryTranslatorFactory
